https://www.youtube.com/watch?v=wg_Qxg05DoY
https://www.youtube.com/watch?v=mWA9No50jPc
https://www.youtube.com/watch?v=zqFROY-ERWk
https://www.youtube.com/watch?v=NS1ykKbvpnw
https://www.youtube.com/watch?v=LasjxW-otGk
https://www.youtube.com/watch?v=-2UV_45zKzw
https://www.youtube.com/watch?v=vcv_i4pW_cw
https://www.youtube.com/watch?v=z32eVjpTmGs
https://www.youtube.com/watch?v=einty5hO3_k
https://www.youtube.com/watch?v=cVnIUAIwsOU
https://www.youtube.com/watch?v=ir59nLFhvQg
https://www.youtube.com/watch?v=aDnkMA2lcUQ
https://www.youtube.com/watch?v=8YLb8kQCpQo
https://www.youtube.com/watch?v=D4PAfKWvHpo
https://www.youtube.com/watch?v=L70LlVXpbjw
https://www.youtube.com/watch?v=JcfgD_YAuG4
https://www.youtube.com/watch?v=_PL49nenh8o
https://www.youtube.com/watch?v=3Dur2TwWvUI
https://www.youtube.com/watch?v=QNgERLNOCIQ
https://www.youtube.com/watch?v=-F4I4IpP1Kk
https://www.youtube.com/watch?v=A2m5nkcBiUY
https://www.youtube.com/watch?v=5sAwwz86Dx0
https://www.youtube.com/watch?v=aQnSqCOyy2k
https://www.youtube.com/watch?v=HDwjmIDoAtA
https://www.youtube.com/watch?v=DbpJ9EThtzo
https://www.youtube.com/watch?v=_EMTeI_KGFE
https://www.youtube.com/watch?v=P178PWlTaX8
https://www.youtube.com/watch?v=Xs7siE1UtwQ
https://www.youtube.com/watch?v=mDNhWmKWVSE
https://www.youtube.com/watch?v=w3-RncNVwg8
https://www.youtube.com/watch?v=uvnWBG4SanA
https://www.youtube.com/watch?v=XBzWh8GhH5A
https://www.youtube.com/watch?v=blp-KSzsd38
https://www.youtube.com/watch?v=0UkcPt2j7Pw
https://www.youtube.com/watch?v=Rsh37waiCcU
https://www.youtube.com/watch?v=1mh2DQ685Ys
https://www.youtube.com/watch?v=BVnC77PaMj8
https://www.youtube.com/watch?v=wuQ8hI1Q_s4
https://www.youtube.com/watch?v=PJUGvwxWsu0
https://www.youtube.com/watch?v=mMpnIhd8xMo
https://www.youtube.com/watch?v=_sYiozk4FEY
https://www.youtube.com/watch?v=DoDH2c4Mbbg
https://www.youtube.com/watch?v=Vq3koWecXIQ
https://www.youtube.com/watch?v=SgtrnXFu3I0
https://www.youtube.com/watch?v=InmcpPY4nI8
https://www.youtube.com/watch?v=9RigOY5Q3JY
https://www.youtube.com/watch?v=X1QRwlj6-xk
https://www.youtube.com/watch?v=TDR-FAWlpkI
https://www.youtube.com/watch?v=NZrizJnWxiQ
https://www.youtube.com/watch?v=LoXA_eHeXVE
https://www.youtube.com/watch?v=EBYAoZIAX1g
https://www.youtube.com/watch?v=q6Gh6Xrc2ms
https://www.youtube.com/watch?v=AP3_XNgelBU
https://www.youtube.com/watch?v=QMUtCJ-qZD4
https://www.youtube.com/watch?v=6MGlxqIC2zM
https://www.youtube.com/watch?v=Hu0ne2bsk0k
https://www.youtube.com/watch?v=Tvja2UnzLbg
https://www.youtube.com/watch?v=2SU6wpbks_E
https://www.youtube.com/watch?v=Gcbc8qH6UAA
https://www.youtube.com/watch?v=BIRLVyBUfXM
https://www.youtube.com/watch?v=BLpIZ7EAWKA
https://www.youtube.com/watch?v=OXeK0zEBTwo
https://www.youtube.com/watch?v=zFLsM_dZOTk
https://www.youtube.com/watch?v=9gbKmZo3GXA
https://www.youtube.com/watch?v=DOu6r3yBfEs
https://www.youtube.com/watch?v=O3ot44O3oZo
https://www.youtube.com/watch?v=PkKtqcGdR74
https://www.youtube.com/watch?v=gzeiq4GDNm0
https://www.youtube.com/watch?v=YOO-0nFkE6o
https://www.youtube.com/watch?v=EMngTkvjSNM
https://www.youtube.com/watch?v=f3D5Ja2vruU
https://www.youtube.com/watch?v=fIFa40MhLAM
https://www.youtube.com/watch?v=jFraqUX2JQQ
https://www.youtube.com/watch?v=sKxQ-7aiffE
https://www.youtube.com/watch?v=UQZ0uCgRhtc
https://www.youtube.com/watch?v=Ik0Mmxd9vhg
https://www.youtube.com/watch?v=Z0mQdAj_I_k
https://www.youtube.com/watch?v=6spj9JojJ3w
https://www.youtube.com/watch?v=IWy3HmpT0wY
https://www.youtube.com/watch?v=F0KpYrIjfQI
https://www.youtube.com/watch?v=R9cMyPY6MFk
https://www.youtube.com/watch?v=fp0iRbXqVmQ
https://www.youtube.com/watch?v=0vRDB94gxlQ
https://www.youtube.com/watch?v=Z3Sf6ZCpcOk
https://www.youtube.com/watch?v=U-iGA1__iLE
https://www.youtube.com/watch?v=3IvUL_i4Dyg
https://www.youtube.com/watch?v=l_Ax8YB-xg8
https://www.youtube.com/watch?v=-w_C49PKRMw
https://www.youtube.com/watch?v=VSam5nhFFTY
https://www.youtube.com/watch?v=fiTsrWRtmzw
https://www.youtube.com/watch?v=F929ptW5Nq0
https://www.youtube.com/watch?v=eWnBR8iar2o
https://www.youtube.com/watch?v=F5IJD1zND5E
https://www.youtube.com/watch?v=vw_cFEDQU8U
https://www.youtube.com/watch?v=Jm26pZ5NWhw
https://www.youtube.com/watch?v=9GXsxpH4ZQw
https://www.youtube.com/watch?v=fpnMTDEr6Ag
https://www.youtube.com/watch?v=bl7hpMbfQbk
https://www.youtube.com/watch?v=Sof8mIqF69M
https://www.youtube.com/watch?v=2LglrmUgxSY
https://www.youtube.com/watch?v=vJb1ibkxZjM
https://www.youtube.com/watch?v=YrtHFpOiYEU
https://www.youtube.com/watch?v=-MDe6k405vk
https://www.youtube.com/watch?v=NDaTrW1IcDc
https://www.youtube.com/watch?v=KV0_MFZyG8s
https://www.youtube.com/watch?v=y1hyS8QOvyU
https://www.youtube.com/watch?v=iAIpf2LHpzs
https://www.youtube.com/watch?v=1FldTEs9FHo
https://www.youtube.com/watch?v=H1EIZS_RRRw
https://www.youtube.com/watch?v=8_vwEYQRUc8
https://www.youtube.com/watch?v=jlu_Ndb0JdQ
https://www.youtube.com/watch?v=_1-Au5O19yg
https://www.youtube.com/watch?v=3RqclKshLmU
https://www.youtube.com/watch?v=POH6hk_JHHg
https://www.youtube.com/watch?v=g3-Ft9LRi4c
https://www.youtube.com/watch?v=zGCq95yUHu8
https://www.youtube.com/watch?v=gdjhEaFDUJ0
https://www.youtube.com/watch?v=1wUQRJgkTQI
https://www.youtube.com/watch?v=Sp9nZZDzhks
https://www.youtube.com/watch?v=1Gy71D6gGeU
https://www.youtube.com/watch?v=Ac10e-wDLS8
https://www.youtube.com/watch?v=UKARJ3T2Ln0
https://www.youtube.com/watch?v=cU7iYYpQuLw
https://www.youtube.com/watch?v=4A3zOMEP9DA
https://www.youtube.com/watch?v=F8ZwiI0x9xs
https://www.youtube.com/watch?v=PK_TN2P3hI4
https://www.youtube.com/watch?v=jE4tONXG6yQ
https://www.youtube.com/watch?v=Y0nDZuSirpk
https://www.youtube.com/watch?v=E_7UcpP8Igw
https://www.youtube.com/watch?v=TrWccfkCzO4
https://www.youtube.com/watch?v=3Ahhms_bqrA
https://www.youtube.com/watch?v=LiJ7dPpMcI0
https://www.youtube.com/watch?v=IY_GZ2aL6uE
https://www.youtube.com/watch?v=UEEJ1npqjzQ
https://www.youtube.com/watch?v=K12a6vlSrCo
https://www.youtube.com/watch?v=UdHQEvuYAqg
https://www.youtube.com/watch?v=ySFT0i-ZQAw
https://www.youtube.com/watch?v=aHLp9DXsiHE
https://www.youtube.com/watch?v=nl6Tq04Gkxg
https://www.youtube.com/watch?v=rgSKcEumuGY
https://www.youtube.com/watch?v=8Oce0dHuq94
https://www.youtube.com/watch?v=IDFPWDiCD_E
https://www.youtube.com/watch?v=_rKiFhXndGE
https://www.youtube.com/watch?v=Gvzpu8guIIA
https://www.youtube.com/watch?v=y5CLDqAt5Pw
https://www.youtube.com/watch?v=8XVFjZkOtc0
https://www.youtube.com/watch?v=rGEWv3-_h4M
https://www.youtube.com/watch?v=Zr5zM6YqV_A
https://www.youtube.com/watch?v=iXAv1wCYqTg
https://www.youtube.com/watch?v=A-ciTvZfkD4
https://www.youtube.com/watch?v=PngSgnIcD5I
https://www.youtube.com/watch?v=5CpEsTNqMxQ
https://www.youtube.com/watch?v=Sy61womIJxU
https://www.youtube.com/watch?v=jLHCn05Milg
https://www.youtube.com/watch?v=0mlLZvIIilM
https://www.youtube.com/watch?v=jQb1B3ccoWU
https://www.youtube.com/watch?v=gg9bCaWsSYk
https://www.youtube.com/watch?v=qO56VfnZF9E
https://www.youtube.com/watch?v=8dJT4XHGeYE
https://www.youtube.com/watch?v=WLDjKEbxd3E
https://www.youtube.com/watch?v=AwzVodGPUgw
https://www.youtube.com/watch?v=jKq4y0AJoiY
https://www.youtube.com/watch?v=UzAxXnKKrEo
https://www.youtube.com/watch?v=qR2c885EsO0
https://www.youtube.com/watch?v=zzIGx_U_MsM
https://www.youtube.com/watch?v=xRGSEHu7LSg
https://www.youtube.com/watch?v=PMs3dbCP0sU
https://www.youtube.com/watch?v=LiVs2Q3uX5E
https://www.youtube.com/watch?v=3FYvJ4kkAdg
https://www.youtube.com/watch?v=fwWj17B4MOs
https://www.youtube.com/watch?v=NteQ2JbgPM8
https://www.youtube.com/watch?v=tFiBcRLvzRw
https://www.youtube.com/watch?v=Q92In-3N4X0
https://www.youtube.com/watch?v=DVYkWWqMbz0
https://www.youtube.com/watch?v=1RufoY7PrAA
https://www.youtube.com/watch?v=_pbJl3n_OiQ
https://www.youtube.com/watch?v=zoi-2hNsym8
https://www.youtube.com/watch?v=JoQ-8TDjjQU
https://www.youtube.com/watch?v=-i8d7sb-1K8
https://www.youtube.com/watch?v=OLHuCW-chsI
https://www.youtube.com/watch?v=8A50_k7L5tA
https://www.youtube.com/watch?v=LEFx-Yxspho
https://www.youtube.com/watch?v=rJM1dvwR0TE
https://www.youtube.com/watch?v=AceQxUxX7JU
https://www.youtube.com/watch?v=avlW_LwWAQo
https://www.youtube.com/watch?v=cx4iSgtxIbo
https://www.youtube.com/watch?v=QlQIFjr5PGY
https://www.youtube.com/watch?v=9h4nb-PROgM
https://www.youtube.com/watch?v=LmkmOWdOmMM
https://www.youtube.com/watch?v=xx1WpwP8u7I
https://www.youtube.com/watch?v=mSLsGt9xPfI
https://www.youtube.com/watch?v=MTX-PYhi3GY
https://www.youtube.com/watch?v=MTl8CqpomYQ
https://www.youtube.com/watch?v=j80fio6POe8
https://www.youtube.com/watch?v=uSLri7hf_Rk
https://www.youtube.com/watch?v=-mHjok39NyI
https://www.youtube.com/watch?v=8Rx5vlSMmug
https://www.youtube.com/watch?v=VeqU--l05QU
https://www.youtube.com/watch?v=SEubaIGcYrw
https://www.youtube.com/watch?v=5ZHXUJCcpFc
https://www.youtube.com/watch?v=nsDBp50yZU0
https://www.youtube.com/watch?v=43yd_uCkHFk
https://www.youtube.com/watch?v=WYdPEErsbr4
https://www.youtube.com/watch?v=7eJdHJzPfvQ
https://www.youtube.com/watch?v=VVguD4XslhE
https://www.youtube.com/watch?v=X5NehtGwllI
https://www.youtube.com/watch?v=uS6KMkjAsGU
https://www.youtube.com/watch?v=wbVUdwUavyU
https://www.youtube.com/watch?v=414VR6PKzXg
https://www.youtube.com/watch?v=sdYMSa890E4
https://www.youtube.com/watch?v=79-ocYKr3L8
https://www.youtube.com/watch?v=JQIEvWt05H0
https://www.youtube.com/watch?v=hS1pUrkWx_U
https://www.youtube.com/watch?v=q_r0fn9WYCk
https://www.youtube.com/watch?v=jgi862s8tkM
https://www.youtube.com/watch?v=ijZuOzYohac
https://www.youtube.com/watch?v=_t_C_gpLjE8
https://www.youtube.com/watch?v=NzXQkYJaplI
https://www.youtube.com/watch?v=X6tmvP4sOxw
https://www.youtube.com/watch?v=cU9n_XUCGYE
https://www.youtube.com/watch?v=WWew16NbIKE
https://www.youtube.com/watch?v=zhHXIfN8fnA
https://www.youtube.com/watch?v=RBDKeCOEnSs
https://www.youtube.com/watch?v=GGkEEMP1w50
https://www.youtube.com/watch?v=wi4jwYp3Yyc
https://www.youtube.com/watch?v=B9KiWyCSGdQ
https://www.youtube.com/watch?v=B1UgfuWaR18
https://www.youtube.com/watch?v=Sp6PC2mHS2E
https://www.youtube.com/watch?v=02E3W5B9FGo
https://www.youtube.com/watch?v=GWHTpJXSkdY
https://www.youtube.com/watch?v=eUbXJVaOSU4
https://www.youtube.com/watch?v=UCWQ0Idj2tw
https://www.youtube.com/watch?v=QecNHE_12kE
https://www.youtube.com/watch?v=znbzo1k4SQA
https://www.youtube.com/watch?v=2VhiShPMK3w
https://www.youtube.com/watch?v=Vy-4XBAXW5Q
https://www.youtube.com/watch?v=8d2xveAcRgw
https://www.youtube.com/watch?v=a90101xZeV8
https://www.youtube.com/watch?v=VdxwAODHOUI
https://www.youtube.com/watch?v=Kg8m6VvYjHU
https://www.youtube.com/watch?v=1jOzQtHGRV0
https://www.youtube.com/watch?v=Gv9G8GQQvLw
https://www.youtube.com/watch?v=Vor1040q07E
https://www.youtube.com/watch?v=ejDjkBJMwgk
https://www.youtube.com/watch?v=Hpc86CsQ-Lo
https://www.youtube.com/watch?v=SYplzMhJNqs
https://www.youtube.com/watch?v=ayzZhSx_PzY
https://www.youtube.com/watch?v=pBPj0nZXHM8
https://www.youtube.com/watch?v=k6FsLZTpBek
https://www.youtube.com/watch?v=pvOV-WZmBiE
https://www.youtube.com/watch?v=cLi0lp_BDJU
https://www.youtube.com/watch?v=Kza-h3mVf5Y
https://www.youtube.com/watch?v=LZsYb616SOU
https://www.youtube.com/watch?v=qni1P7iX9zg
https://www.youtube.com/watch?v=exHTgtbQn70
https://www.youtube.com/watch?v=guYx8yQB8Zs
https://www.youtube.com/watch?v=ZweesqudtvM
https://www.youtube.com/watch?v=5kXDw5uslHE
https://www.youtube.com/watch?v=k-6evUZ5jyM
https://www.youtube.com/watch?v=whoyoi4LhHg
https://www.youtube.com/watch?v=CqcHC6DfaM8
https://www.youtube.com/watch?v=jyRschTGi8A
https://www.youtube.com/watch?v=Fk_UVJTjYFQ
https://www.youtube.com/watch?v=j5hvh31VHFE
https://www.youtube.com/watch?v=kvaChSolQck
https://www.youtube.com/watch?v=C4B_69z3nIU
https://www.youtube.com/watch?v=2bCQzLwCcfs
https://www.youtube.com/watch?v=7Ikc0bRgwHw
https://www.youtube.com/watch?v=KKJCDOgWqwM
https://www.youtube.com/watch?v=_71cmn4_QJc
https://www.youtube.com/watch?v=_xoVYAxW334
https://www.youtube.com/watch?v=JWyXU5cd-yc
https://www.youtube.com/watch?v=0TQveJDRF_I
https://www.youtube.com/watch?v=AkfdmgQerI8
https://www.youtube.com/watch?v=3skgL5TIg8Q
https://www.youtube.com/watch?v=eHRDzsr-g4w
https://www.youtube.com/watch?v=QUvHE-dxsXE
https://www.youtube.com/watch?v=ihU6Qpt9OM4
https://www.youtube.com/watch?v=n_eHRfOBCG0
https://www.youtube.com/watch?v=O2vSM3UxM3Q
https://www.youtube.com/watch?v=64PcxhMv64M
https://www.youtube.com/watch?v=A650mr_oK68
https://www.youtube.com/watch?v=01Q1YltWHgs
https://www.youtube.com/watch?v=FaA7RmDKrKI
https://www.youtube.com/watch?v=qaWggKvtteM
https://www.youtube.com/watch?v=ZlHmjgSEzIk
https://www.youtube.com/watch?v=GFPLLZq4tJU
https://www.youtube.com/watch?v=KMyVYKSmtDk
https://www.youtube.com/watch?v=HuUYzmxegLU
https://www.youtube.com/watch?v=r3879IX7hmA
https://www.youtube.com/watch?v=0kZEORy-fBo
https://www.youtube.com/watch?v=wYCz3TZJMhE
https://www.youtube.com/watch?v=Rjxnz0kGC_s
https://www.youtube.com/watch?v=PcTpRnvPy0c
https://www.youtube.com/watch?v=mPdmk1vCYP8
https://www.youtube.com/watch?v=-SyTIFZAwu4
https://www.youtube.com/watch?v=-yYHWbaiEXA
https://www.youtube.com/watch?v=Q6rYWcmjJ4s
https://www.youtube.com/watch?v=A8YouUK4jT0
https://www.youtube.com/watch?v=QVRm3adUafw
https://www.youtube.com/watch?v=5ZqvpEYA4zI
https://www.youtube.com/watch?v=PppefVmoYFU
https://www.youtube.com/watch?v=E_jItEQFsug
https://www.youtube.com/watch?v=jsLgXRISzc0
https://www.youtube.com/watch?v=iz-3LW09mKg
https://www.youtube.com/watch?v=3Hr91o6mcFk
https://www.youtube.com/watch?v=YX67vdEhj0U
https://www.youtube.com/watch?v=CzAtcmd9tVU
https://www.youtube.com/watch?v=r9KSp-newJg
https://www.youtube.com/watch?v=a1lqmFlgZf8
https://www.youtube.com/watch?v=p9c7Xksfzpw
https://www.youtube.com/watch?v=yvCjFqSIIR4
https://www.youtube.com/watch?v=B1_-IT8lI3w
https://www.youtube.com/watch?v=szt8JTTBC5Y
https://www.youtube.com/watch?v=rZ12bfOxxNM
https://www.youtube.com/watch?v=U_0Au69riP0
https://www.youtube.com/watch?v=1UtdyJH7s1I
https://www.youtube.com/watch?v=nW2wQhd3h3E
https://www.youtube.com/watch?v=LyJGk9HC7CA
https://www.youtube.com/watch?v=hQ4Ql42UyYU
https://www.youtube.com/watch?v=zwlJkVGPdYM
https://www.youtube.com/watch?v=_FIwuBfJOYc
https://www.youtube.com/watch?v=VWNnbEatODk
https://www.youtube.com/watch?v=IDAHN7H67VM
https://www.youtube.com/watch?v=E2t8F3AY9J0
https://www.youtube.com/watch?v=7QzMIEihK5k
https://www.youtube.com/watch?v=Do3B9jzHikk
https://www.youtube.com/watch?v=Br9s5SfQxD8
https://www.youtube.com/watch?v=ZyXtQf914O0
https://www.youtube.com/watch?v=_gXNxkp-ebI
https://www.youtube.com/watch?v=bsDSsl11mXs
https://www.youtube.com/watch?v=8BeREifq4h8
https://www.youtube.com/watch?v=pssZKXqN7iE
https://www.youtube.com/watch?v=TTWQuWj1-i8
https://www.youtube.com/watch?v=6RRaW-1T1DE
https://www.youtube.com/watch?v=2W66TxrJpGk
https://www.youtube.com/watch?v=7qZiRVtz7X0
https://www.youtube.com/watch?v=wcqzzy8_efU
https://www.youtube.com/watch?v=iDVl9pExnks
https://www.youtube.com/watch?v=XweLzXmOlls
https://www.youtube.com/watch?v=pgIjRB-L8OY
https://www.youtube.com/watch?v=lIS6J4cNmDg
https://www.youtube.com/watch?v=L1aq01-uxNs
https://www.youtube.com/watch?v=ll0_RNKBCIw
https://www.youtube.com/watch?v=mEJ_RdHGZOA
https://www.youtube.com/watch?v=EhIlDg3sDqo
https://www.youtube.com/watch?v=id2a20-1jlY
https://www.youtube.com/watch?v=Vlrn3PHw2Qk
https://www.youtube.com/watch?v=ibn3dxB031w
https://www.youtube.com/watch?v=ucQqnYheB5M
https://www.youtube.com/watch?v=ABDpjGj74Fw
https://www.youtube.com/watch?v=GdI7SHXTbvI
https://www.youtube.com/watch?v=jo4EUz8qFhs
https://www.youtube.com/watch?v=G5Ipj5Pt4PM
https://www.youtube.com/watch?v=F9-fJABVBIc
https://www.youtube.com/watch?v=GW5qvtc0zDU
https://www.youtube.com/watch?v=-XuT4odZyec
https://www.youtube.com/watch?v=JpUuxzkQYKE
https://www.youtube.com/watch?v=ynBf2WAFhZU
https://www.youtube.com/watch?v=aGvANYLel4I
https://www.youtube.com/watch?v=cuXW-3Tj_-c
https://www.youtube.com/watch?v=pZIckTXq0Mw
https://www.youtube.com/watch?v=VPHcmV-t_Mc
https://www.youtube.com/watch?v=e9nHphV_Qjg
https://www.youtube.com/watch?v=ALg7nmABfFY
https://www.youtube.com/watch?v=TU2IcOMX6ps
https://www.youtube.com/watch?v=-HfZDRA0b4E
https://www.youtube.com/watch?v=UgKtSGdWC4M
https://www.youtube.com/watch?v=5MLudCzWmSc
https://www.youtube.com/watch?v=5ciBmrV440g
https://www.youtube.com/watch?v=-aK4JhBr8uI
https://www.youtube.com/watch?v=URJcymeLcnQ
https://www.youtube.com/watch?v=zdOCT_VQNKo
https://www.youtube.com/watch?v=y2TBy8KMnd0
https://www.youtube.com/watch?v=BxauLa-Mc_8
https://www.youtube.com/watch?v=FUFdGxB1_KM
https://www.youtube.com/watch?v=a6C2AeGp_G8
https://www.youtube.com/watch?v=xE-EQaB-DYs
https://www.youtube.com/watch?v=-pnH6leow_s
https://www.youtube.com/watch?v=CIWaAKhzMiE
https://www.youtube.com/watch?v=mp9xpgvRLfQ
https://www.youtube.com/watch?v=Rp257EjpVKU
https://www.youtube.com/watch?v=ScVbsX77gto
https://www.youtube.com/watch?v=FbHkatojfNQ
https://www.youtube.com/watch?v=346YPDM22mo
https://www.youtube.com/watch?v=Q3HiYzwJSug
https://www.youtube.com/watch?v=EleXNYTrGuQ
https://www.youtube.com/watch?v=5EY1C6GOns8
https://www.youtube.com/watch?v=fd8HRP81EPc
https://www.youtube.com/watch?v=_h5SnqZVtD4
https://www.youtube.com/watch?v=zKgfPTuprxs
https://www.youtube.com/watch?v=H0Ffp8nGWDI
https://www.youtube.com/watch?v=I5b7KrJkfno
https://www.youtube.com/watch?v=N4fpCoB25rg
https://www.youtube.com/watch?v=ctpcBYZ7QMs
https://www.youtube.com/watch?v=kmQciqKbRp8
https://www.youtube.com/watch?v=xcWYTO5lpwE
https://www.youtube.com/watch?v=1xTXgpsPtrc
https://www.youtube.com/watch?v=hMpSHBEm6To
https://www.youtube.com/watch?v=HEfhwWHJbTM
https://www.youtube.com/watch?v=8KqWUvi8d7I
https://www.youtube.com/watch?v=F6sYpvXbowU
https://www.youtube.com/watch?v=ihOkLTHe9Ig
https://www.youtube.com/watch?v=I54QAfzonBE
https://www.youtube.com/watch?v=-E1oMqIBGDg
https://www.youtube.com/watch?v=53imULKGX4M
https://www.youtube.com/watch?v=19IS0YZDUOU
https://www.youtube.com/watch?v=Fj9SIZ7VzWw
https://www.youtube.com/watch?v=z_iBnNjuS40
https://www.youtube.com/watch?v=vQ4d-cz7CuQ
https://www.youtube.com/watch?v=rh-N_EPvaoQ
https://www.youtube.com/watch?v=4OLrnkMqEMA
https://www.youtube.com/watch?v=PMPKg716Uw4
https://www.youtube.com/watch?v=_JDGS_o3gf4
https://www.youtube.com/watch?v=QVy81nDIsMA
https://www.youtube.com/watch?v=cXorznac5Wk
https://www.youtube.com/watch?v=c6p1nXtF5dY
https://www.youtube.com/watch?v=FSW8kTmVcHU
https://www.youtube.com/watch?v=OqXCmNMPIBc
https://www.youtube.com/watch?v=kCudcRd65PE
https://www.youtube.com/watch?v=cjl4W748AUc
https://www.youtube.com/watch?v=DzAJ-5UARrU
https://www.youtube.com/watch?v=PX91nB38oQY
https://www.youtube.com/watch?v=PAQXFwm7shA
https://www.youtube.com/watch?v=5wPenIdl1G0
https://www.youtube.com/watch?v=yDLzd8dj_Qc
https://www.youtube.com/watch?v=ZH3ZH7C2szk
https://www.youtube.com/watch?v=JhpEemj25eg
https://www.youtube.com/watch?v=HGeETnTPtS8
https://www.youtube.com/watch?v=zRQJXTqSaMA
https://www.youtube.com/watch?v=Zpb7Z7ye9zw
https://www.youtube.com/watch?v=yj_xRnOlEbg
https://www.youtube.com/watch?v=aSyyjt-hISM
https://www.youtube.com/watch?v=cZQnXevzsUg
https://www.youtube.com/watch?v=CxwFoVK4908
https://www.youtube.com/watch?v=9j_mWQJo8-A
https://www.youtube.com/watch?v=rnIEjESQwLk
https://www.youtube.com/watch?v=cTLJOAYUD80
https://www.youtube.com/watch?v=nPPbOkWDY5E
https://www.youtube.com/watch?v=FB9Vty1I84U
https://www.youtube.com/watch?v=XlIEQ1e_oSs
https://www.youtube.com/watch?v=0yp0hvxQSuY
https://www.youtube.com/watch?v=WHNNHAoaZD4
https://www.youtube.com/watch?v=XxInprO8FOE
https://www.youtube.com/watch?v=RBmA9ewV-OM
https://www.youtube.com/watch?v=vuhsPJy1unE
https://www.youtube.com/watch?v=k7x-ApDlQWE
https://www.youtube.com/watch?v=4nlQAmn3tH4
https://www.youtube.com/watch?v=o6ZYw1tCDcw
https://www.youtube.com/watch?v=ticLtwIm4G4
https://www.youtube.com/watch?v=ITydv3q6VOk
https://www.youtube.com/watch?v=DNx9hDppHro
https://www.youtube.com/watch?v=VNDs4rmti34
https://www.youtube.com/watch?v=rFMUqWk7NCo
https://www.youtube.com/watch?v=4KBjBvxgwSU
https://www.youtube.com/watch?v=A6gh31VxvDY
https://www.youtube.com/watch?v=nmqIxUpme54
https://www.youtube.com/watch?v=fITr8dOJmhU
https://www.youtube.com/watch?v=6xbryafEDlQ
https://www.youtube.com/watch?v=OBULE4vmHaw
https://www.youtube.com/watch?v=_5LCVeGcc-8
https://www.youtube.com/watch?v=kWYKUrUOnYE
https://www.youtube.com/watch?v=vCn4jrVdEwE
https://www.youtube.com/watch?v=BSZI1wbOw-w
https://www.youtube.com/watch?v=zGZvgYt86Vc
https://www.youtube.com/watch?v=dk1-3HDZC9c
https://www.youtube.com/watch?v=Crn5oF8S3AU
https://www.youtube.com/watch?v=xDrQV1qE7Dc
https://www.youtube.com/watch?v=pYUgI05rESs
https://www.youtube.com/watch?v=0ktyJK4tUm8
https://www.youtube.com/watch?v=FJNH9bFc9FM
https://www.youtube.com/watch?v=oRpFM8CAeDE
https://www.youtube.com/watch?v=xn-2lSpfOJE
https://www.youtube.com/watch?v=balKI5Znwi4
https://www.youtube.com/watch?v=qqSlkp3Yt9s
https://www.youtube.com/watch?v=WuTbGfPQD2o
https://www.youtube.com/watch?v=rZkQ_nbrfkw
https://www.youtube.com/watch?v=xrUfrJdxZb4
https://www.youtube.com/watch?v=hearz7w_YZw
https://www.youtube.com/watch?v=IQkh3ZXAVP8
https://www.youtube.com/watch?v=6K4-5DO4m8g
https://www.youtube.com/watch?v=nV4byCwVhM8
https://www.youtube.com/watch?v=6B277tXxJJc
https://www.youtube.com/watch?v=5XRR6xoNUU4
https://www.youtube.com/watch?v=z25OR1fK6eQ
https://www.youtube.com/watch?v=EQCiGsA2CgE
https://www.youtube.com/watch?v=hBs4ZxZXUz8
https://www.youtube.com/watch?v=mkLicWXUZ6A
https://www.youtube.com/watch?v=6XT9g1pkioA
https://www.youtube.com/watch?v=8tfSR6oStfM
https://www.youtube.com/watch?v=LuasvCpU55s
https://www.youtube.com/watch?v=j4ZXATuaHY8
https://www.youtube.com/watch?v=m5fY815iJDw
https://www.youtube.com/watch?v=K-t0258bJPU
https://www.youtube.com/watch?v=dfAExsSdy2o
https://www.youtube.com/watch?v=rSnIjPfZssM
https://www.youtube.com/watch?v=YjAtdniN0nA
https://www.youtube.com/watch?v=dMW53iFh9_0
https://www.youtube.com/watch?v=FAB943HkqcQ
https://www.youtube.com/watch?v=CokcuFE9D80
https://www.youtube.com/watch?v=g_sXD5sDOKY
https://www.youtube.com/watch?v=4B5Ct1b9FnY
https://www.youtube.com/watch?v=6BjjV0MHqkw
https://www.youtube.com/watch?v=-58uQ4wNxQI
https://www.youtube.com/watch?v=VsHuPoQxiEI
https://www.youtube.com/watch?v=TIx2WQN3Xok
https://www.youtube.com/watch?v=mefBGKZvqzs
https://www.youtube.com/watch?v=mRZ4_m3k-6I
https://www.youtube.com/watch?v=cEXdWBs7v-A
https://www.youtube.com/watch?v=ve2PjA4gz90
https://www.youtube.com/watch?v=h_6I5k4Obdk
https://www.youtube.com/watch?v=zKUazyEvrz0
https://www.youtube.com/watch?v=YdMDGlWZ7L0
https://www.youtube.com/watch?v=OVs2eNIElIY
https://www.youtube.com/watch?v=5zUaGM9tyhw
https://www.youtube.com/watch?v=qoTk_ZtD2zw
https://www.youtube.com/watch?v=i5himagD-dY
https://www.youtube.com/watch?v=ZwPsFF5nCgc
https://www.youtube.com/watch?v=A0RECPNjKnk
https://www.youtube.com/watch?v=PElQW45aB9o
https://www.youtube.com/watch?v=zAZmLipQFH8
https://www.youtube.com/watch?v=MDUfz5e2FLU
https://www.youtube.com/watch?v=YloPXPmlUKY
https://www.youtube.com/watch?v=SViUKbpbnKk
https://www.youtube.com/watch?v=7BWFpl-hssk
https://www.youtube.com/watch?v=Efo08c9bFrU
https://www.youtube.com/watch?v=kcHczECVkjU
https://www.youtube.com/watch?v=6aZUrDk_gZo
https://www.youtube.com/watch?v=T8osUr76VKI
https://www.youtube.com/watch?v=ku_oe8yukLM
https://www.youtube.com/watch?v=DYcPztv8Atc
https://www.youtube.com/watch?v=c1Qx1g-ar5c
https://www.youtube.com/watch?v=xVPgRn2dOhA
https://www.youtube.com/watch?v=nWndXguL6zA
https://www.youtube.com/watch?v=Q3duCGwVlzs
https://www.youtube.com/watch?v=5L3D8_NcdE8
https://www.youtube.com/watch?v=W1UQkLRKBPo
https://www.youtube.com/watch?v=bi91bM_xL-s
https://www.youtube.com/watch?v=rEes032cWpg
https://www.youtube.com/watch?v=cUTGI09TarU
https://www.youtube.com/watch?v=5lrbjCWBdfk
https://www.youtube.com/watch?v=lhNuhEMX-PA
https://www.youtube.com/watch?v=tsgLkL9I1lA
https://www.youtube.com/watch?v=qtcT5roTLyE
https://www.youtube.com/watch?v=P8jKBUmkliQ
https://www.youtube.com/watch?v=SKKo-tBIqU0
https://www.youtube.com/watch?v=IG6MP5-XxWI
https://www.youtube.com/watch?v=_HLp4sUggrk
https://www.youtube.com/watch?v=gXc0PU8E320
https://www.youtube.com/watch?v=GiGirf8Th6I
https://www.youtube.com/watch?v=2SR2ZRmRysw
https://www.youtube.com/watch?v=wWFGyUCeKe4
https://www.youtube.com/watch?v=2ohNekTUJD0
https://www.youtube.com/watch?v=KgfmyjGfiQk
https://www.youtube.com/watch?v=zEt5IHsn_uk
https://www.youtube.com/watch?v=B9be2CUmqxI
https://www.youtube.com/watch?v=2e4iWosknB8
https://www.youtube.com/watch?v=qS24NNwyH2g
https://www.youtube.com/watch?v=Ocjcvm8RZ2g
https://www.youtube.com/watch?v=XY5EJMGku2k
https://www.youtube.com/watch?v=rQyZf16PEcI
https://www.youtube.com/watch?v=-fFXlW_0-GQ
https://www.youtube.com/watch?v=LEArKNq_CTs
https://www.youtube.com/watch?v=14b86Av4L5k
https://www.youtube.com/watch?v=wIpQXZg5sio
https://www.youtube.com/watch?v=uiHNGsMdg9o
https://www.youtube.com/watch?v=9eNxsbSdRj0
https://www.youtube.com/watch?v=-2zlcg_pGP4
https://www.youtube.com/watch?v=v4pzhPoXQyc
https://www.youtube.com/watch?v=Puu0LH3PLpY
https://www.youtube.com/watch?v=z_0AZ41YjMM
https://www.youtube.com/watch?v=zLUs0vOz2N0
https://www.youtube.com/watch?v=36OBDHQrU_A
https://www.youtube.com/watch?v=8ForXrk0rK4
https://www.youtube.com/watch?v=WdVcUXksJV4
https://www.youtube.com/watch?v=j7OZbcAih2k
https://www.youtube.com/watch?v=kiU9gETt7jU
https://www.youtube.com/watch?v=WHSrl6pVoas
https://www.youtube.com/watch?v=0A1dNiNOjPE
https://www.youtube.com/watch?v=OYS_BnPm_sc
https://www.youtube.com/watch?v=mOnTKDwW6KI
https://www.youtube.com/watch?v=Okzk748oLI0
https://www.youtube.com/watch?v=FbQpBMfHFCQ
https://www.youtube.com/watch?v=UIYsB0JaHtk
https://www.youtube.com/watch?v=agA2Q8SvoyI
https://www.youtube.com/watch?v=ziSni4geJEo
https://www.youtube.com/watch?v=5BQognduiFY
https://www.youtube.com/watch?v=Kv_uEkaqHtY
https://www.youtube.com/watch?v=IbDG157ET4g
https://www.youtube.com/watch?v=Y6MyM8NpvIg
https://www.youtube.com/watch?v=h8C2sWMvtkQ
https://www.youtube.com/watch?v=Sw1qT7jH5jo
https://www.youtube.com/watch?v=TyKEVXB4Neo
https://www.youtube.com/watch?v=8MmMO-3T4ZU
https://www.youtube.com/watch?v=nlEL7yvRFME
https://www.youtube.com/watch?v=iIi4VwFCN2M
https://www.youtube.com/watch?v=QpeGhkTCb0M
https://www.youtube.com/watch?v=xT_eRAW3VAc
https://www.youtube.com/watch?v=rmXJEAVJjFE
https://www.youtube.com/watch?v=xzAnmZTS7s8
https://www.youtube.com/watch?v=Z-WpIv1VaLI
https://www.youtube.com/watch?v=ZtX6FpM2Sdo
https://www.youtube.com/watch?v=lOkg4KFkgGk
https://www.youtube.com/watch?v=VpxGxfuJQFo
https://www.youtube.com/watch?v=jPYELAM_CPA
https://www.youtube.com/watch?v=S88s5Pe16qw
https://www.youtube.com/watch?v=W5vrJtP4qsE
https://www.youtube.com/watch?v=TbnkYX1fiCs
https://www.youtube.com/watch?v=MlddWdwsCKQ
https://www.youtube.com/watch?v=luHtKL8tdQY
https://www.youtube.com/watch?v=werei1bjuBI
https://www.youtube.com/watch?v=6KQlgQCFclo
https://www.youtube.com/watch?v=Uj325Fw1KLQ
https://www.youtube.com/watch?v=zp12_DUEJR4
https://www.youtube.com/watch?v=NKCZxXLwGFU
https://www.youtube.com/watch?v=IBkW3cnj_MY
https://www.youtube.com/watch?v=V32dLPEhmpw
https://www.youtube.com/watch?v=bLmy8N0NoYc
https://www.youtube.com/watch?v=647Ucldz910
https://www.youtube.com/watch?v=j5J9OJEszFQ
https://www.youtube.com/watch?v=EfN0hVq0KWo
https://www.youtube.com/watch?v=P4yjvFDoIm0
https://www.youtube.com/watch?v=rvOL16dlZCo
https://www.youtube.com/watch?v=eXXWztcWT60
https://www.youtube.com/watch?v=lBxqfig-OVY
https://www.youtube.com/watch?v=Fg8IZw1NU7c
https://www.youtube.com/watch?v=j1ZVJfC9T3Y
https://www.youtube.com/watch?v=x3hsOhhqtd8
https://www.youtube.com/watch?v=kAIdO4BtkTA
https://www.youtube.com/watch?v=4LgssE_iCBY
https://www.youtube.com/watch?v=L9sEeAkX3Rs
https://www.youtube.com/watch?v=jN7ePw1xprA
https://www.youtube.com/watch?v=wXa1vi9MqNI
https://www.youtube.com/watch?v=wmjASd0dH8o
https://www.youtube.com/watch?v=xv2ybeBo3-4
https://www.youtube.com/watch?v=kBhXAiG5wB4
https://www.youtube.com/watch?v=6TvEDTSvE-Y
https://www.youtube.com/watch?v=EfBSS5rjSoI
https://www.youtube.com/watch?v=QH5R2xzX7Gc
https://www.youtube.com/watch?v=xbacSJQD828
https://www.youtube.com/watch?v=ndTZAj9abSw
https://www.youtube.com/watch?v=0jC-sW5l4_g
https://www.youtube.com/watch?v=TPBIynvzPO4
https://www.youtube.com/watch?v=IS9wOQlgE4M
https://www.youtube.com/watch?v=8CcWekpyTJY
https://www.youtube.com/watch?v=E5jEjJZeCX8
https://www.youtube.com/watch?v=Xa7ey9Bphv4
https://www.youtube.com/watch?v=ckOwC0OyLNQ
https://www.youtube.com/watch?v=AYwMe7eOKrk
https://www.youtube.com/watch?v=mWA9No50jPc
https://www.youtube.com/watch?v=zqFROY-ERWk
https://www.youtube.com/watch?v=NS1ykKbvpnw
https://www.youtube.com/watch?v=LasjxW-otGk
https://www.youtube.com/watch?v=-2UV_45zKzw
https://www.youtube.com/watch?v=vcv_i4pW_cw
https://www.youtube.com/watch?v=z32eVjpTmGs
https://www.youtube.com/watch?v=einty5hO3_k
https://www.youtube.com/watch?v=cVnIUAIwsOU
https://www.youtube.com/watch?v=ir59nLFhvQg
https://www.youtube.com/watch?v=aDnkMA2lcUQ
https://www.youtube.com/watch?v=8YLb8kQCpQo
https://www.youtube.com/watch?v=D4PAfKWvHpo
https://www.youtube.com/watch?v=L70LlVXpbjw
https://www.youtube.com/watch?v=JcfgD_YAuG4
https://www.youtube.com/watch?v=_PL49nenh8o
https://www.youtube.com/watch?v=3Dur2TwWvUI
https://www.youtube.com/watch?v=QNgERLNOCIQ
https://www.youtube.com/watch?v=-F4I4IpP1Kk
https://www.youtube.com/watch?v=A2m5nkcBiUY
https://www.youtube.com/watch?v=5sAwwz86Dx0
https://www.youtube.com/watch?v=aQnSqCOyy2k
https://www.youtube.com/watch?v=HDwjmIDoAtA
https://www.youtube.com/watch?v=DbpJ9EThtzo
https://www.youtube.com/watch?v=_EMTeI_KGFE
https://www.youtube.com/watch?v=P178PWlTaX8
https://www.youtube.com/watch?v=Xs7siE1UtwQ
https://www.youtube.com/watch?v=mDNhWmKWVSE
https://www.youtube.com/watch?v=w3-RncNVwg8
https://www.youtube.com/watch?v=uvnWBG4SanA
https://www.youtube.com/watch?v=XBzWh8GhH5A
https://www.youtube.com/watch?v=blp-KSzsd38
https://www.youtube.com/watch?v=0UkcPt2j7Pw
https://www.youtube.com/watch?v=Rsh37waiCcU
https://www.youtube.com/watch?v=1mh2DQ685Ys
https://www.youtube.com/watch?v=BVnC77PaMj8
https://www.youtube.com/watch?v=wuQ8hI1Q_s4
https://www.youtube.com/watch?v=PJUGvwxWsu0
https://www.youtube.com/watch?v=mMpnIhd8xMo
https://www.youtube.com/watch?v=_sYiozk4FEY
https://www.youtube.com/watch?v=DoDH2c4Mbbg
https://www.youtube.com/watch?v=Vq3koWecXIQ
https://www.youtube.com/watch?v=SgtrnXFu3I0
https://www.youtube.com/watch?v=InmcpPY4nI8
https://www.youtube.com/watch?v=9RigOY5Q3JY
https://www.youtube.com/watch?v=X1QRwlj6-xk
https://www.youtube.com/watch?v=TDR-FAWlpkI
https://www.youtube.com/watch?v=NZrizJnWxiQ
https://www.youtube.com/watch?v=LoXA_eHeXVE
https://www.youtube.com/watch?v=EBYAoZIAX1g
https://www.youtube.com/watch?v=q6Gh6Xrc2ms
https://www.youtube.com/watch?v=AP3_XNgelBU
https://www.youtube.com/watch?v=QMUtCJ-qZD4
https://www.youtube.com/watch?v=6MGlxqIC2zM
https://www.youtube.com/watch?v=Hu0ne2bsk0k
https://www.youtube.com/watch?v=Tvja2UnzLbg
https://www.youtube.com/watch?v=2SU6wpbks_E
https://www.youtube.com/watch?v=Gcbc8qH6UAA
https://www.youtube.com/watch?v=BIRLVyBUfXM
https://www.youtube.com/watch?v=BLpIZ7EAWKA
https://www.youtube.com/watch?v=OXeK0zEBTwo
https://www.youtube.com/watch?v=zFLsM_dZOTk
https://www.youtube.com/watch?v=9gbKmZo3GXA
https://www.youtube.com/watch?v=DOu6r3yBfEs
https://www.youtube.com/watch?v=O3ot44O3oZo
https://www.youtube.com/watch?v=PkKtqcGdR74
https://www.youtube.com/watch?v=gzeiq4GDNm0
https://www.youtube.com/watch?v=YOO-0nFkE6o
https://www.youtube.com/watch?v=EMngTkvjSNM
https://www.youtube.com/watch?v=f3D5Ja2vruU
https://www.youtube.com/watch?v=fIFa40MhLAM
https://www.youtube.com/watch?v=jFraqUX2JQQ
https://www.youtube.com/watch?v=sKxQ-7aiffE
https://www.youtube.com/watch?v=UQZ0uCgRhtc
https://www.youtube.com/watch?v=Ik0Mmxd9vhg
https://www.youtube.com/watch?v=Z0mQdAj_I_k
https://www.youtube.com/watch?v=6spj9JojJ3w
https://www.youtube.com/watch?v=IWy3HmpT0wY
https://www.youtube.com/watch?v=F0KpYrIjfQI
https://www.youtube.com/watch?v=R9cMyPY6MFk
https://www.youtube.com/watch?v=fp0iRbXqVmQ
https://www.youtube.com/watch?v=0vRDB94gxlQ
https://www.youtube.com/watch?v=Z3Sf6ZCpcOk
https://www.youtube.com/watch?v=U-iGA1__iLE
https://www.youtube.com/watch?v=3IvUL_i4Dyg
https://www.youtube.com/watch?v=l_Ax8YB-xg8
https://www.youtube.com/watch?v=-w_C49PKRMw
https://www.youtube.com/watch?v=VSam5nhFFTY
https://www.youtube.com/watch?v=fiTsrWRtmzw
https://www.youtube.com/watch?v=F929ptW5Nq0
https://www.youtube.com/watch?v=eWnBR8iar2o
https://www.youtube.com/watch?v=F5IJD1zND5E
https://www.youtube.com/watch?v=vw_cFEDQU8U
https://www.youtube.com/watch?v=Jm26pZ5NWhw
https://www.youtube.com/watch?v=9GXsxpH4ZQw
https://www.youtube.com/watch?v=fpnMTDEr6Ag
https://www.youtube.com/watch?v=bl7hpMbfQbk
https://www.youtube.com/watch?v=Sof8mIqF69M
https://www.youtube.com/watch?v=2LglrmUgxSY
https://www.youtube.com/watch?v=vJb1ibkxZjM
https://www.youtube.com/watch?v=YrtHFpOiYEU
https://www.youtube.com/watch?v=-MDe6k405vk
https://www.youtube.com/watch?v=NDaTrW1IcDc
https://www.youtube.com/watch?v=y1hyS8QOvyU
https://www.youtube.com/watch?v=KV0_MFZyG8s
https://www.youtube.com/watch?v=1FldTEs9FHo
https://www.youtube.com/watch?v=iAIpf2LHpzs
https://www.youtube.com/watch?v=8_vwEYQRUc8
https://www.youtube.com/watch?v=H1EIZS_RRRw
https://www.youtube.com/watch?v=jlu_Ndb0JdQ
https://www.youtube.com/watch?v=_1-Au5O19yg
https://www.youtube.com/watch?v=3RqclKshLmU
https://www.youtube.com/watch?v=POH6hk_JHHg
https://www.youtube.com/watch?v=g3-Ft9LRi4c
https://www.youtube.com/watch?v=zGCq95yUHu8
https://www.youtube.com/watch?v=gdjhEaFDUJ0
https://www.youtube.com/watch?v=1wUQRJgkTQI
https://www.youtube.com/watch?v=Sp9nZZDzhks
https://www.youtube.com/watch?v=1Gy71D6gGeU
https://www.youtube.com/watch?v=Ac10e-wDLS8
https://www.youtube.com/watch?v=UKARJ3T2Ln0
https://www.youtube.com/watch?v=cU7iYYpQuLw
https://www.youtube.com/watch?v=4A3zOMEP9DA
https://www.youtube.com/watch?v=F8ZwiI0x9xs
https://www.youtube.com/watch?v=PK_TN2P3hI4
https://www.youtube.com/watch?v=jE4tONXG6yQ
https://www.youtube.com/watch?v=Y0nDZuSirpk
https://www.youtube.com/watch?v=E_7UcpP8Igw
https://www.youtube.com/watch?v=TrWccfkCzO4
https://www.youtube.com/watch?v=3Ahhms_bqrA
https://www.youtube.com/watch?v=LiJ7dPpMcI0
https://www.youtube.com/watch?v=UEEJ1npqjzQ
https://www.youtube.com/watch?v=IY_GZ2aL6uE
https://www.youtube.com/watch?v=K12a6vlSrCo
https://www.youtube.com/watch?v=UdHQEvuYAqg
https://www.youtube.com/watch?v=ySFT0i-ZQAw
https://www.youtube.com/watch?v=aHLp9DXsiHE
https://www.youtube.com/watch?v=nl6Tq04Gkxg
https://www.youtube.com/watch?v=rgSKcEumuGY
https://www.youtube.com/watch?v=8Oce0dHuq94
https://www.youtube.com/watch?v=IDFPWDiCD_E
https://www.youtube.com/watch?v=_rKiFhXndGE
https://www.youtube.com/watch?v=Gvzpu8guIIA
https://www.youtube.com/watch?v=y5CLDqAt5Pw
https://www.youtube.com/watch?v=8XVFjZkOtc0
https://www.youtube.com/watch?v=rGEWv3-_h4M
https://www.youtube.com/watch?v=Zr5zM6YqV_A
https://www.youtube.com/watch?v=iXAv1wCYqTg
https://www.youtube.com/watch?v=A-ciTvZfkD4
https://www.youtube.com/watch?v=PngSgnIcD5I
https://www.youtube.com/watch?v=5CpEsTNqMxQ
https://www.youtube.com/watch?v=Sy61womIJxU
https://www.youtube.com/watch?v=jLHCn05Milg
https://www.youtube.com/watch?v=0mlLZvIIilM
https://www.youtube.com/watch?v=jQb1B3ccoWU
https://www.youtube.com/watch?v=gg9bCaWsSYk
https://www.youtube.com/watch?v=qO56VfnZF9E
https://www.youtube.com/watch?v=8dJT4XHGeYE
https://www.youtube.com/watch?v=WLDjKEbxd3E
https://www.youtube.com/watch?v=AwzVodGPUgw
https://www.youtube.com/watch?v=jKq4y0AJoiY
https://www.youtube.com/watch?v=UzAxXnKKrEo
https://www.youtube.com/watch?v=qR2c885EsO0
https://www.youtube.com/watch?v=zzIGx_U_MsM
https://www.youtube.com/watch?v=xRGSEHu7LSg
https://www.youtube.com/watch?v=PMs3dbCP0sU
https://www.youtube.com/watch?v=LiVs2Q3uX5E
https://www.youtube.com/watch?v=3FYvJ4kkAdg
https://www.youtube.com/watch?v=fwWj17B4MOs
https://www.youtube.com/watch?v=NteQ2JbgPM8
https://www.youtube.com/watch?v=tFiBcRLvzRw
https://www.youtube.com/watch?v=Q92In-3N4X0
https://www.youtube.com/watch?v=DVYkWWqMbz0
https://www.youtube.com/watch?v=1RufoY7PrAA
https://www.youtube.com/watch?v=_pbJl3n_OiQ
https://www.youtube.com/watch?v=zoi-2hNsym8
https://www.youtube.com/watch?v=JoQ-8TDjjQU
https://www.youtube.com/watch?v=-i8d7sb-1K8
https://www.youtube.com/watch?v=OLHuCW-chsI
https://www.youtube.com/watch?v=8A50_k7L5tA
https://www.youtube.com/watch?v=LEFx-Yxspho
https://www.youtube.com/watch?v=rJM1dvwR0TE
https://www.youtube.com/watch?v=AceQxUxX7JU
https://www.youtube.com/watch?v=avlW_LwWAQo
https://www.youtube.com/watch?v=cx4iSgtxIbo
https://www.youtube.com/watch?v=QlQIFjr5PGY
https://www.youtube.com/watch?v=9h4nb-PROgM
https://www.youtube.com/watch?v=LmkmOWdOmMM
https://www.youtube.com/watch?v=xx1WpwP8u7I
https://www.youtube.com/watch?v=mSLsGt9xPfI
https://www.youtube.com/watch?v=MTX-PYhi3GY
https://www.youtube.com/watch?v=MTl8CqpomYQ
https://www.youtube.com/watch?v=j80fio6POe8
https://www.youtube.com/watch?v=uSLri7hf_Rk
https://www.youtube.com/watch?v=-mHjok39NyI
https://www.youtube.com/watch?v=8Rx5vlSMmug
https://www.youtube.com/watch?v=VeqU--l05QU
https://www.youtube.com/watch?v=SEubaIGcYrw
https://www.youtube.com/watch?v=nJnDM4-DIas
https://www.youtube.com/watch?v=3ddlutwcLnU
https://www.youtube.com/watch?v=AYwMe7eOKrk
https://www.youtube.com/watch?v=mWA9No50jPc
https://www.youtube.com/watch?v=zqFROY-ERWk
https://www.youtube.com/watch?v=NS1ykKbvpnw
https://www.youtube.com/watch?v=LasjxW-otGk
https://www.youtube.com/watch?v=-2UV_45zKzw
https://www.youtube.com/watch?v=vcv_i4pW_cw
https://www.youtube.com/watch?v=z32eVjpTmGs
https://www.youtube.com/watch?v=einty5hO3_k
https://www.youtube.com/watch?v=cVnIUAIwsOU
https://www.youtube.com/watch?v=ir59nLFhvQg
https://www.youtube.com/watch?v=aDnkMA2lcUQ
https://www.youtube.com/watch?v=8YLb8kQCpQo
https://www.youtube.com/watch?v=D4PAfKWvHpo
https://www.youtube.com/watch?v=L70LlVXpbjw
https://www.youtube.com/watch?v=JcfgD_YAuG4
https://www.youtube.com/watch?v=_PL49nenh8o
https://www.youtube.com/watch?v=3Dur2TwWvUI
https://www.youtube.com/watch?v=QNgERLNOCIQ
https://www.youtube.com/watch?v=-F4I4IpP1Kk
https://www.youtube.com/watch?v=A2m5nkcBiUY
https://www.youtube.com/watch?v=5sAwwz86Dx0
https://www.youtube.com/watch?v=aQnSqCOyy2k
https://www.youtube.com/watch?v=HDwjmIDoAtA
https://www.youtube.com/watch?v=DbpJ9EThtzo
https://www.youtube.com/watch?v=_EMTeI_KGFE
https://www.youtube.com/watch?v=P178PWlTaX8
https://www.youtube.com/watch?v=Xs7siE1UtwQ
https://www.youtube.com/watch?v=mDNhWmKWVSE
https://www.youtube.com/watch?v=w3-RncNVwg8
https://www.youtube.com/watch?v=uvnWBG4SanA
https://www.youtube.com/watch?v=XBzWh8GhH5A
https://www.youtube.com/watch?v=blp-KSzsd38
https://www.youtube.com/watch?v=0UkcPt2j7Pw
https://www.youtube.com/watch?v=Rsh37waiCcU
https://www.youtube.com/watch?v=1mh2DQ685Ys
https://www.youtube.com/watch?v=BVnC77PaMj8
https://www.youtube.com/watch?v=wuQ8hI1Q_s4
https://www.youtube.com/watch?v=PJUGvwxWsu0
https://www.youtube.com/watch?v=mMpnIhd8xMo
https://www.youtube.com/watch?v=_sYiozk4FEY
https://www.youtube.com/watch?v=DoDH2c4Mbbg
https://www.youtube.com/watch?v=Vq3koWecXIQ
https://www.youtube.com/watch?v=SgtrnXFu3I0
https://www.youtube.com/watch?v=InmcpPY4nI8
https://www.youtube.com/watch?v=9RigOY5Q3JY
https://www.youtube.com/watch?v=X1QRwlj6-xk
https://www.youtube.com/watch?v=TDR-FAWlpkI
https://www.youtube.com/watch?v=NZrizJnWxiQ
https://www.youtube.com/watch?v=LoXA_eHeXVE
https://www.youtube.com/watch?v=EBYAoZIAX1g
https://www.youtube.com/watch?v=q6Gh6Xrc2ms
https://www.youtube.com/watch?v=AP3_XNgelBU
https://www.youtube.com/watch?v=QMUtCJ-qZD4
https://www.youtube.com/watch?v=6MGlxqIC2zM
https://www.youtube.com/watch?v=Hu0ne2bsk0k
https://www.youtube.com/watch?v=Tvja2UnzLbg
https://www.youtube.com/watch?v=2SU6wpbks_E
https://www.youtube.com/watch?v=Gcbc8qH6UAA
https://www.youtube.com/watch?v=BIRLVyBUfXM
https://www.youtube.com/watch?v=BLpIZ7EAWKA
https://www.youtube.com/watch?v=OXeK0zEBTwo
https://www.youtube.com/watch?v=zFLsM_dZOTk
https://www.youtube.com/watch?v=9gbKmZo3GXA
https://www.youtube.com/watch?v=DOu6r3yBfEs
https://www.youtube.com/watch?v=O3ot44O3oZo
https://www.youtube.com/watch?v=PkKtqcGdR74
https://www.youtube.com/watch?v=gzeiq4GDNm0
https://www.youtube.com/watch?v=YOO-0nFkE6o
https://www.youtube.com/watch?v=EMngTkvjSNM
https://www.youtube.com/watch?v=f3D5Ja2vruU
https://www.youtube.com/watch?v=fIFa40MhLAM
https://www.youtube.com/watch?v=jFraqUX2JQQ
https://www.youtube.com/watch?v=sKxQ-7aiffE
https://www.youtube.com/watch?v=UQZ0uCgRhtc
https://www.youtube.com/watch?v=Ik0Mmxd9vhg
https://www.youtube.com/watch?v=Z0mQdAj_I_k
https://www.youtube.com/watch?v=6spj9JojJ3w
https://www.youtube.com/watch?v=IWy3HmpT0wY
https://www.youtube.com/watch?v=F0KpYrIjfQI
https://www.youtube.com/watch?v=R9cMyPY6MFk
https://www.youtube.com/watch?v=fp0iRbXqVmQ
https://www.youtube.com/watch?v=0vRDB94gxlQ
https://www.youtube.com/watch?v=Z3Sf6ZCpcOk
https://www.youtube.com/watch?v=U-iGA1__iLE
https://www.youtube.com/watch?v=3IvUL_i4Dyg
https://www.youtube.com/watch?v=l_Ax8YB-xg8
https://www.youtube.com/watch?v=-w_C49PKRMw
https://www.youtube.com/watch?v=VSam5nhFFTY
https://www.youtube.com/watch?v=fiTsrWRtmzw
https://www.youtube.com/watch?v=F929ptW5Nq0
https://www.youtube.com/watch?v=eWnBR8iar2o
https://www.youtube.com/watch?v=F5IJD1zND5E
https://www.youtube.com/watch?v=vw_cFEDQU8U
https://www.youtube.com/watch?v=Jm26pZ5NWhw
https://www.youtube.com/watch?v=9GXsxpH4ZQw
https://www.youtube.com/watch?v=fpnMTDEr6Ag
https://www.youtube.com/watch?v=bl7hpMbfQbk
https://www.youtube.com/watch?v=Sof8mIqF69M
https://www.youtube.com/watch?v=2LglrmUgxSY
https://www.youtube.com/watch?v=vJb1ibkxZjM
https://www.youtube.com/watch?v=YrtHFpOiYEU
https://www.youtube.com/watch?v=-MDe6k405vk
https://www.youtube.com/watch?v=NDaTrW1IcDc
https://www.youtube.com/watch?v=KV0_MFZyG8s
https://www.youtube.com/watch?v=y1hyS8QOvyU
https://www.youtube.com/watch?v=iAIpf2LHpzs
https://www.youtube.com/watch?v=1FldTEs9FHo
https://www.youtube.com/watch?v=H1EIZS_RRRw
https://www.youtube.com/watch?v=8_vwEYQRUc8
https://www.youtube.com/watch?v=jlu_Ndb0JdQ
https://www.youtube.com/watch?v=_1-Au5O19yg
https://www.youtube.com/watch?v=3RqclKshLmU
https://www.youtube.com/watch?v=POH6hk_JHHg
https://www.youtube.com/watch?v=g3-Ft9LRi4c
https://www.youtube.com/watch?v=zGCq95yUHu8
https://www.youtube.com/watch?v=gdjhEaFDUJ0
https://www.youtube.com/watch?v=1wUQRJgkTQI
https://www.youtube.com/watch?v=Sp9nZZDzhks
https://www.youtube.com/watch?v=1Gy71D6gGeU
https://www.youtube.com/watch?v=Ac10e-wDLS8
https://www.youtube.com/watch?v=UKARJ3T2Ln0
https://www.youtube.com/watch?v=cU7iYYpQuLw
https://www.youtube.com/watch?v=4A3zOMEP9DA
https://www.youtube.com/watch?v=F8ZwiI0x9xs
https://www.youtube.com/watch?v=PK_TN2P3hI4
https://www.youtube.com/watch?v=jE4tONXG6yQ
https://www.youtube.com/watch?v=Y0nDZuSirpk
https://www.youtube.com/watch?v=E_7UcpP8Igw
https://www.youtube.com/watch?v=TrWccfkCzO4
https://www.youtube.com/watch?v=3Ahhms_bqrA
https://www.youtube.com/watch?v=LiJ7dPpMcI0
https://www.youtube.com/watch?v=IY_GZ2aL6uE
https://www.youtube.com/watch?v=UEEJ1npqjzQ
https://www.youtube.com/watch?v=K12a6vlSrCo
https://www.youtube.com/watch?v=UdHQEvuYAqg
https://www.youtube.com/watch?v=ySFT0i-ZQAw
https://www.youtube.com/watch?v=aHLp9DXsiHE
https://www.youtube.com/watch?v=nl6Tq04Gkxg
https://www.youtube.com/watch?v=rgSKcEumuGY
https://www.youtube.com/watch?v=8Oce0dHuq94
https://www.youtube.com/watch?v=IDFPWDiCD_E
https://www.youtube.com/watch?v=_rKiFhXndGE
https://www.youtube.com/watch?v=Gvzpu8guIIA
https://www.youtube.com/watch?v=y5CLDqAt5Pw
https://www.youtube.com/watch?v=8XVFjZkOtc0
https://www.youtube.com/watch?v=rGEWv3-_h4M
https://www.youtube.com/watch?v=Zr5zM6YqV_A
https://www.youtube.com/watch?v=iXAv1wCYqTg
https://www.youtube.com/watch?v=A-ciTvZfkD4
https://www.youtube.com/watch?v=PngSgnIcD5I
https://www.youtube.com/watch?v=5CpEsTNqMxQ
https://www.youtube.com/watch?v=Sy61womIJxU
https://www.youtube.com/watch?v=jLHCn05Milg
https://www.youtube.com/watch?v=0mlLZvIIilM
https://www.youtube.com/watch?v=jQb1B3ccoWU
https://www.youtube.com/watch?v=gg9bCaWsSYk
https://www.youtube.com/watch?v=qO56VfnZF9E
https://www.youtube.com/watch?v=8dJT4XHGeYE
https://www.youtube.com/watch?v=WLDjKEbxd3E
https://www.youtube.com/watch?v=AwzVodGPUgw
https://www.youtube.com/watch?v=jKq4y0AJoiY
https://www.youtube.com/watch?v=UzAxXnKKrEo
https://www.youtube.com/watch?v=qR2c885EsO0
https://www.youtube.com/watch?v=zzIGx_U_MsM
https://www.youtube.com/watch?v=xRGSEHu7LSg
https://www.youtube.com/watch?v=PMs3dbCP0sU
https://www.youtube.com/watch?v=LiVs2Q3uX5E
https://www.youtube.com/watch?v=3FYvJ4kkAdg
https://www.youtube.com/watch?v=fwWj17B4MOs
https://www.youtube.com/watch?v=NteQ2JbgPM8
https://www.youtube.com/watch?v=tFiBcRLvzRw
https://www.youtube.com/watch?v=Q92In-3N4X0
https://www.youtube.com/watch?v=DVYkWWqMbz0
https://www.youtube.com/watch?v=1RufoY7PrAA
https://www.youtube.com/watch?v=_pbJl3n_OiQ
https://www.youtube.com/watch?v=zoi-2hNsym8
https://www.youtube.com/watch?v=JoQ-8TDjjQU
https://www.youtube.com/watch?v=-i8d7sb-1K8
https://www.youtube.com/watch?v=OLHuCW-chsI
https://www.youtube.com/watch?v=8A50_k7L5tA
https://www.youtube.com/watch?v=LEFx-Yxspho
https://www.youtube.com/watch?v=rJM1dvwR0TE
https://www.youtube.com/watch?v=AceQxUxX7JU
https://www.youtube.com/watch?v=avlW_LwWAQo
https://www.youtube.com/watch?v=cx4iSgtxIbo
https://www.youtube.com/watch?v=QlQIFjr5PGY
https://www.youtube.com/watch?v=9h4nb-PROgM
https://www.youtube.com/watch?v=LmkmOWdOmMM
https://www.youtube.com/watch?v=xx1WpwP8u7I
https://www.youtube.com/watch?v=mSLsGt9xPfI
https://www.youtube.com/watch?v=MTX-PYhi3GY
https://www.youtube.com/watch?v=MTl8CqpomYQ
https://www.youtube.com/watch?v=j80fio6POe8
https://www.youtube.com/watch?v=uSLri7hf_Rk
https://www.youtube.com/watch?v=-mHjok39NyI
https://www.youtube.com/watch?v=8Rx5vlSMmug
https://www.youtube.com/watch?v=VeqU--l05QU
https://www.youtube.com/watch?v=SEubaIGcYrw
https://www.youtube.com/watch?v=Uu8wUhegJnE
https://www.youtube.com/watch?v=WdQsSfU5mRw
https://www.youtube.com/watch?v=dbXp81IRU-g
https://www.youtube.com/watch?v=mWA9No50jPc
https://www.youtube.com/watch?v=zqFROY-ERWk
https://www.youtube.com/watch?v=NS1ykKbvpnw
https://www.youtube.com/watch?v=LasjxW-otGk
https://www.youtube.com/watch?v=-2UV_45zKzw
https://www.youtube.com/watch?v=vcv_i4pW_cw
https://www.youtube.com/watch?v=z32eVjpTmGs
https://www.youtube.com/watch?v=einty5hO3_k
https://www.youtube.com/watch?v=cVnIUAIwsOU
https://www.youtube.com/watch?v=ir59nLFhvQg
https://www.youtube.com/watch?v=aDnkMA2lcUQ
https://www.youtube.com/watch?v=8YLb8kQCpQo
https://www.youtube.com/watch?v=D4PAfKWvHpo
https://www.youtube.com/watch?v=L70LlVXpbjw
https://www.youtube.com/watch?v=JcfgD_YAuG4
https://www.youtube.com/watch?v=_PL49nenh8o
https://www.youtube.com/watch?v=3Dur2TwWvUI
https://www.youtube.com/watch?v=QNgERLNOCIQ
https://www.youtube.com/watch?v=-F4I4IpP1Kk
https://www.youtube.com/watch?v=A2m5nkcBiUY
https://www.youtube.com/watch?v=5sAwwz86Dx0
https://www.youtube.com/watch?v=aQnSqCOyy2k
https://www.youtube.com/watch?v=HDwjmIDoAtA
https://www.youtube.com/watch?v=DbpJ9EThtzo
https://www.youtube.com/watch?v=_EMTeI_KGFE
https://www.youtube.com/watch?v=P178PWlTaX8
https://www.youtube.com/watch?v=Xs7siE1UtwQ
https://www.youtube.com/watch?v=mDNhWmKWVSE
https://www.youtube.com/watch?v=w3-RncNVwg8
https://www.youtube.com/watch?v=uvnWBG4SanA
https://www.youtube.com/watch?v=XBzWh8GhH5A
https://www.youtube.com/watch?v=blp-KSzsd38
https://www.youtube.com/watch?v=0UkcPt2j7Pw
https://www.youtube.com/watch?v=Rsh37waiCcU
https://www.youtube.com/watch?v=1mh2DQ685Ys
https://www.youtube.com/watch?v=BVnC77PaMj8
https://www.youtube.com/watch?v=wuQ8hI1Q_s4
https://www.youtube.com/watch?v=PJUGvwxWsu0
https://www.youtube.com/watch?v=mMpnIhd8xMo
https://www.youtube.com/watch?v=_sYiozk4FEY
https://www.youtube.com/watch?v=DoDH2c4Mbbg
https://www.youtube.com/watch?v=Vq3koWecXIQ
https://www.youtube.com/watch?v=SgtrnXFu3I0
https://www.youtube.com/watch?v=InmcpPY4nI8
https://www.youtube.com/watch?v=9RigOY5Q3JY
https://www.youtube.com/watch?v=X1QRwlj6-xk
https://www.youtube.com/watch?v=TDR-FAWlpkI
https://www.youtube.com/watch?v=NZrizJnWxiQ
https://www.youtube.com/watch?v=LoXA_eHeXVE
https://www.youtube.com/watch?v=EBYAoZIAX1g
https://www.youtube.com/watch?v=q6Gh6Xrc2ms
https://www.youtube.com/watch?v=AP3_XNgelBU
https://www.youtube.com/watch?v=QMUtCJ-qZD4
https://www.youtube.com/watch?v=6MGlxqIC2zM
https://www.youtube.com/watch?v=Hu0ne2bsk0k
https://www.youtube.com/watch?v=Tvja2UnzLbg
https://www.youtube.com/watch?v=2SU6wpbks_E
https://www.youtube.com/watch?v=Gcbc8qH6UAA
https://www.youtube.com/watch?v=BIRLVyBUfXM
https://www.youtube.com/watch?v=BLpIZ7EAWKA
https://www.youtube.com/watch?v=OXeK0zEBTwo
https://www.youtube.com/watch?v=zFLsM_dZOTk
https://www.youtube.com/watch?v=9gbKmZo3GXA
https://www.youtube.com/watch?v=DOu6r3yBfEs
https://www.youtube.com/watch?v=O3ot44O3oZo
https://www.youtube.com/watch?v=PkKtqcGdR74
https://www.youtube.com/watch?v=gzeiq4GDNm0
https://www.youtube.com/watch?v=YOO-0nFkE6o
https://www.youtube.com/watch?v=EMngTkvjSNM
https://www.youtube.com/watch?v=f3D5Ja2vruU
https://www.youtube.com/watch?v=fIFa40MhLAM
https://www.youtube.com/watch?v=jFraqUX2JQQ
https://www.youtube.com/watch?v=sKxQ-7aiffE
https://www.youtube.com/watch?v=UQZ0uCgRhtc
https://www.youtube.com/watch?v=Ik0Mmxd9vhg
https://www.youtube.com/watch?v=Z0mQdAj_I_k
https://www.youtube.com/watch?v=6spj9JojJ3w
https://www.youtube.com/watch?v=IWy3HmpT0wY
https://www.youtube.com/watch?v=F0KpYrIjfQI
https://www.youtube.com/watch?v=R9cMyPY6MFk
https://www.youtube.com/watch?v=fp0iRbXqVmQ
https://www.youtube.com/watch?v=0vRDB94gxlQ
https://www.youtube.com/watch?v=Z3Sf6ZCpcOk
https://www.youtube.com/watch?v=U-iGA1__iLE
https://www.youtube.com/watch?v=3IvUL_i4Dyg
https://www.youtube.com/watch?v=l_Ax8YB-xg8
https://www.youtube.com/watch?v=-w_C49PKRMw
https://www.youtube.com/watch?v=VSam5nhFFTY
https://www.youtube.com/watch?v=fiTsrWRtmzw
https://www.youtube.com/watch?v=F929ptW5Nq0
https://www.youtube.com/watch?v=eWnBR8iar2o
https://www.youtube.com/watch?v=F5IJD1zND5E
https://www.youtube.com/watch?v=vw_cFEDQU8U
https://www.youtube.com/watch?v=Jm26pZ5NWhw
https://www.youtube.com/watch?v=9GXsxpH4ZQw
https://www.youtube.com/watch?v=fpnMTDEr6Ag
https://www.youtube.com/watch?v=bl7hpMbfQbk
https://www.youtube.com/watch?v=Sof8mIqF69M
https://www.youtube.com/watch?v=2LglrmUgxSY
https://www.youtube.com/watch?v=vJb1ibkxZjM
https://www.youtube.com/watch?v=YrtHFpOiYEU
https://www.youtube.com/watch?v=-MDe6k405vk
https://www.youtube.com/watch?v=KV0_MFZyG8s
https://www.youtube.com/watch?v=NDaTrW1IcDc
https://www.youtube.com/watch?v=y1hyS8QOvyU
https://www.youtube.com/watch?v=iAIpf2LHpzs
https://www.youtube.com/watch?v=1FldTEs9FHo
https://www.youtube.com/watch?v=H1EIZS_RRRw
https://www.youtube.com/watch?v=8_vwEYQRUc8
https://www.youtube.com/watch?v=jlu_Ndb0JdQ
https://www.youtube.com/watch?v=_1-Au5O19yg
https://www.youtube.com/watch?v=POH6hk_JHHg
https://www.youtube.com/watch?v=3RqclKshLmU
https://www.youtube.com/watch?v=g3-Ft9LRi4c
https://www.youtube.com/watch?v=zGCq95yUHu8
https://www.youtube.com/watch?v=gdjhEaFDUJ0
https://www.youtube.com/watch?v=1wUQRJgkTQI
https://www.youtube.com/watch?v=Sp9nZZDzhks
https://www.youtube.com/watch?v=1Gy71D6gGeU
https://www.youtube.com/watch?v=Ac10e-wDLS8
https://www.youtube.com/watch?v=UKARJ3T2Ln0
https://www.youtube.com/watch?v=cU7iYYpQuLw
https://www.youtube.com/watch?v=4A3zOMEP9DA
https://www.youtube.com/watch?v=F8ZwiI0x9xs
https://www.youtube.com/watch?v=PK_TN2P3hI4
https://www.youtube.com/watch?v=jE4tONXG6yQ
https://www.youtube.com/watch?v=Y0nDZuSirpk
https://www.youtube.com/watch?v=E_7UcpP8Igw
https://www.youtube.com/watch?v=3Ahhms_bqrA
https://www.youtube.com/watch?v=TrWccfkCzO4
https://www.youtube.com/watch?v=IY_GZ2aL6uE
https://www.youtube.com/watch?v=LiJ7dPpMcI0
https://www.youtube.com/watch?v=UEEJ1npqjzQ
https://www.youtube.com/watch?v=K12a6vlSrCo
https://www.youtube.com/watch?v=ySFT0i-ZQAw
https://www.youtube.com/watch?v=UdHQEvuYAqg
https://www.youtube.com/watch?v=aHLp9DXsiHE
https://www.youtube.com/watch?v=nl6Tq04Gkxg
https://www.youtube.com/watch?v=rgSKcEumuGY
https://www.youtube.com/watch?v=8Oce0dHuq94
https://www.youtube.com/watch?v=IDFPWDiCD_E
https://www.youtube.com/watch?v=_rKiFhXndGE
https://www.youtube.com/watch?v=Gvzpu8guIIA
https://www.youtube.com/watch?v=y5CLDqAt5Pw
https://www.youtube.com/watch?v=8XVFjZkOtc0
https://www.youtube.com/watch?v=rGEWv3-_h4M
https://www.youtube.com/watch?v=Zr5zM6YqV_A
https://www.youtube.com/watch?v=iXAv1wCYqTg
https://www.youtube.com/watch?v=A-ciTvZfkD4
https://www.youtube.com/watch?v=PngSgnIcD5I
https://www.youtube.com/watch?v=5CpEsTNqMxQ
https://www.youtube.com/watch?v=Sy61womIJxU
https://www.youtube.com/watch?v=jLHCn05Milg
https://www.youtube.com/watch?v=0mlLZvIIilM
https://www.youtube.com/watch?v=jQb1B3ccoWU
https://www.youtube.com/watch?v=gg9bCaWsSYk
https://www.youtube.com/watch?v=qO56VfnZF9E
https://www.youtube.com/watch?v=8dJT4XHGeYE
https://www.youtube.com/watch?v=WLDjKEbxd3E
https://www.youtube.com/watch?v=AwzVodGPUgw
https://www.youtube.com/watch?v=jKq4y0AJoiY
https://www.youtube.com/watch?v=UzAxXnKKrEo
https://www.youtube.com/watch?v=qR2c885EsO0
https://www.youtube.com/watch?v=zzIGx_U_MsM
https://www.youtube.com/watch?v=xRGSEHu7LSg
https://www.youtube.com/watch?v=PMs3dbCP0sU
https://www.youtube.com/watch?v=LiVs2Q3uX5E
https://www.youtube.com/watch?v=3FYvJ4kkAdg
https://www.youtube.com/watch?v=fwWj17B4MOs
https://www.youtube.com/watch?v=NteQ2JbgPM8
https://www.youtube.com/watch?v=tFiBcRLvzRw
https://www.youtube.com/watch?v=Q92In-3N4X0
https://www.youtube.com/watch?v=DVYkWWqMbz0
https://www.youtube.com/watch?v=1RufoY7PrAA
https://www.youtube.com/watch?v=_pbJl3n_OiQ
https://www.youtube.com/watch?v=zoi-2hNsym8
https://www.youtube.com/watch?v=JoQ-8TDjjQU
https://www.youtube.com/watch?v=-i8d7sb-1K8
https://www.youtube.com/watch?v=OLHuCW-chsI
https://www.youtube.com/watch?v=8A50_k7L5tA
https://www.youtube.com/watch?v=LEFx-Yxspho
https://www.youtube.com/watch?v=rJM1dvwR0TE
https://www.youtube.com/watch?v=AceQxUxX7JU
https://www.youtube.com/watch?v=avlW_LwWAQo
https://www.youtube.com/watch?v=cx4iSgtxIbo
https://www.youtube.com/watch?v=QlQIFjr5PGY
https://www.youtube.com/watch?v=9h4nb-PROgM
https://www.youtube.com/watch?v=LmkmOWdOmMM
https://www.youtube.com/watch?v=xx1WpwP8u7I
https://www.youtube.com/watch?v=mSLsGt9xPfI
https://www.youtube.com/watch?v=MTX-PYhi3GY
https://www.youtube.com/watch?v=MTl8CqpomYQ
https://www.youtube.com/watch?v=j80fio6POe8
https://www.youtube.com/watch?v=uSLri7hf_Rk
https://www.youtube.com/watch?v=-mHjok39NyI
https://www.youtube.com/watch?v=8Rx5vlSMmug
https://www.youtube.com/watch?v=VeqU--l05QU
https://www.youtube.com/watch?v=SEubaIGcYrw
https://www.youtube.com/watch?v=dbXp81IRU-g
https://www.youtube.com/watch?v=nJnDM4-DIas
https://www.youtube.com/watch?v=xQ043KYoLFk
https://www.youtube.com/watch?v=poxgxK6DkX0
https://www.youtube.com/watch?v=qZoykHPMTPc
https://www.youtube.com/watch?v=Kn9ItCyWyZI
https://www.youtube.com/watch?v=yzyvVGAG9K8
https://www.youtube.com/watch?v=ZLnf7reyBxI
https://www.youtube.com/watch?v=VbOnbA1iHiw
https://www.youtube.com/watch?v=UfVoNRx-A4s
https://www.youtube.com/watch?v=76a3GmRyJJo
https://www.youtube.com/watch?v=Tj0icxZMfMM
https://www.youtube.com/watch?v=qh07uxson94
https://www.youtube.com/watch?v=eM_IquRUH2E
https://www.youtube.com/watch?v=iqy8ylanb0A
https://www.youtube.com/watch?v=gpF5QtemmmA
https://www.youtube.com/watch?v=_GxnNKNECV4
https://www.youtube.com/watch?v=d5PFyd4v0Nk
https://www.youtube.com/watch?v=K8PtxahMoe0
https://www.youtube.com/watch?v=EXSPEqHfTOM
https://www.youtube.com/watch?v=qp-mR8t3BWI
https://www.youtube.com/watch?v=s4o90acQxR4
https://www.youtube.com/watch?v=dbdJ-snnkTQ
https://www.youtube.com/watch?v=ek4P0e7ji4E
https://www.youtube.com/watch?v=EcqR0NTNsiQ
https://www.youtube.com/watch?v=hprzUF7NWW4
https://www.youtube.com/watch?v=g4XvcilqRLs
https://www.youtube.com/watch?v=Vwq8Lu89d-o
https://www.youtube.com/watch?v=YQKQlhYMm2s
https://www.youtube.com/watch?v=fK6O06e_Ias
https://www.youtube.com/watch?v=lQ-pAeTmXUc
https://www.youtube.com/watch?v=7mZ4mJw8iPo
https://www.youtube.com/watch?v=gI8WwtIFdGU
https://www.youtube.com/watch?v=5-oGk8-OG74
https://www.youtube.com/watch?v=XAC6A8B178Q
https://www.youtube.com/watch?v=uUQaMocDswU
https://www.youtube.com/watch?v=y9HxFJlPflw
https://www.youtube.com/watch?v=kpPt84oZzm4
https://www.youtube.com/watch?v=NNzpRgD5W8Q
https://www.youtube.com/watch?v=v51LYxQtSks
https://www.youtube.com/watch?v=evieHAvuDUo
https://www.youtube.com/watch?v=EqeNRkAJEwg
https://www.youtube.com/watch?v=Y-s3ezdLJdE
https://www.youtube.com/watch?v=KBzz0aRAULk
https://www.youtube.com/watch?v=JOrugUufuxk
https://www.youtube.com/watch?v=zkanIkHrFMM
https://www.youtube.com/watch?v=TBZVQlgZ9gg
https://www.youtube.com/watch?v=5fBZX1sS_IY
https://www.youtube.com/watch?v=OObDe5avmSU
https://www.youtube.com/watch?v=-cD4aLeKkIE
https://www.youtube.com/watch?v=rH5MDGqRW_I
https://www.youtube.com/watch?v=PHu8wO_yuMM
https://www.youtube.com/watch?v=MPpag2ujeac
https://www.youtube.com/watch?v=uqQdHhzvWSc
https://www.youtube.com/watch?v=ST99Ql3ishU
https://www.youtube.com/watch?v=DQkLfrFdS2Q
https://www.youtube.com/watch?v=_NFTZU2Qnh0
https://www.youtube.com/watch?v=VA0DlE9suao
https://www.youtube.com/watch?v=9txuUFeMm8A
https://www.youtube.com/watch?v=ExYeiiKbeaI
https://www.youtube.com/watch?v=XtZorZrVsJ0
https://www.youtube.com/watch?v=3FYTDRwsC1E
https://www.youtube.com/watch?v=Bdmv3yKPPxY
https://www.youtube.com/watch?v=JFxhJFPIy1U
https://www.youtube.com/watch?v=FSqGmseOc6U
https://www.youtube.com/watch?v=ydzCG8fv1B0
https://www.youtube.com/watch?v=QnfjprD_vAc
https://www.youtube.com/watch?v=36ewkcX9SA0
https://www.youtube.com/watch?v=Amq6bIUsAm4
https://www.youtube.com/watch?v=6TJ_4013AFw
https://www.youtube.com/watch?v=poJhlJq72So
https://www.youtube.com/watch?v=HvGEmFvRwkA
https://www.youtube.com/watch?v=hp_AyQa1PnA
https://www.youtube.com/watch?v=-b8C90Tf5_M
https://www.youtube.com/watch?v=7rYlIx5k0nU
https://www.youtube.com/watch?v=ZWuejBEhAKk
https://www.youtube.com/watch?v=CMXRPXoqBAU
https://www.youtube.com/watch?v=axxlnpKVtzg
https://www.youtube.com/watch?v=MgDTVQc_7SY
https://www.youtube.com/watch?v=ygltB27XYZY
https://www.youtube.com/watch?v=klliZHotGN4
https://www.youtube.com/watch?v=WEEKV3dOpxA
https://www.youtube.com/watch?v=cpSJxOsL9FM
https://www.youtube.com/watch?v=yDONJU-pjRc
https://www.youtube.com/watch?v=yWX6eWgUSII
https://www.youtube.com/watch?v=YbuUDCZWrp4
https://www.youtube.com/watch?v=bZfQeA3MTjg
https://www.youtube.com/watch?v=4-cZ9tMsk5g
https://www.youtube.com/watch?v=XItGpyHMRa0
https://www.youtube.com/watch?v=wNBc0QRnfno
https://www.youtube.com/watch?v=X46NP8WwWK8
https://www.youtube.com/watch?v=1ClsG2x5hwQ
https://www.youtube.com/watch?v=UE3kntZkW8o
https://www.youtube.com/watch?v=Gn52erDAIP4
https://www.youtube.com/watch?v=mGwsoZePBas
https://www.youtube.com/watch?v=o2RpDyowv68
https://www.youtube.com/watch?v=VkRg7kTtC0c
https://www.youtube.com/watch?v=g9mLWQBTfVs
https://www.youtube.com/watch?v=VQE0xSkw_5s
https://www.youtube.com/watch?v=14WwDjYpu38
https://www.youtube.com/watch?v=BAR_YlQvvIY
https://www.youtube.com/watch?v=OysB-_X999c
https://www.youtube.com/watch?v=-cq1GhWFkW4
https://www.youtube.com/watch?v=0u-Q7WL4vE0
https://www.youtube.com/watch?v=i-IHJDcWqrQ
https://www.youtube.com/watch?v=YvzqmtMAEW0
https://www.youtube.com/watch?v=eITaS93Z4Kc
https://www.youtube.com/watch?v=fGabRwaybtY
https://www.youtube.com/watch?v=Xpi6wPLbgUo
https://www.youtube.com/watch?v=h6muPAkrLkc
https://www.youtube.com/watch?v=jBGmwWjy3hg
https://www.youtube.com/watch?v=lLd5RuOGS64
https://www.youtube.com/watch?v=lZwPeY5awdA
https://www.youtube.com/watch?v=U61vnE9rMqY
https://www.youtube.com/watch?v=4h3g7rHX3yA
https://www.youtube.com/watch?v=GtgP7HqcL2o
https://www.youtube.com/watch?v=5ZHXUJCcpFc
https://www.youtube.com/watch?v=nsDBp50yZU0
https://www.youtube.com/watch?v=43yd_uCkHFk
https://www.youtube.com/watch?v=WYdPEErsbr4
https://www.youtube.com/watch?v=7eJdHJzPfvQ
https://www.youtube.com/watch?v=VVguD4XslhE
https://www.youtube.com/watch?v=X5NehtGwllI
https://www.youtube.com/watch?v=uS6KMkjAsGU
https://www.youtube.com/watch?v=wbVUdwUavyU
https://www.youtube.com/watch?v=414VR6PKzXg
https://www.youtube.com/watch?v=sdYMSa890E4
https://www.youtube.com/watch?v=79-ocYKr3L8
https://www.youtube.com/watch?v=JQIEvWt05H0
https://www.youtube.com/watch?v=hS1pUrkWx_U
https://www.youtube.com/watch?v=q_r0fn9WYCk
https://www.youtube.com/watch?v=jgi862s8tkM
https://www.youtube.com/watch?v=ijZuOzYohac
https://www.youtube.com/watch?v=_t_C_gpLjE8
https://www.youtube.com/watch?v=NzXQkYJaplI
https://www.youtube.com/watch?v=X6tmvP4sOxw
https://www.youtube.com/watch?v=cU9n_XUCGYE
https://www.youtube.com/watch?v=WWew16NbIKE
https://www.youtube.com/watch?v=zhHXIfN8fnA
https://www.youtube.com/watch?v=RBDKeCOEnSs
https://www.youtube.com/watch?v=GGkEEMP1w50
https://www.youtube.com/watch?v=wi4jwYp3Yyc
https://www.youtube.com/watch?v=B9KiWyCSGdQ
https://www.youtube.com/watch?v=B1UgfuWaR18
https://www.youtube.com/watch?v=Sp6PC2mHS2E
https://www.youtube.com/watch?v=02E3W5B9FGo
https://www.youtube.com/watch?v=GWHTpJXSkdY
https://www.youtube.com/watch?v=eUbXJVaOSU4
https://www.youtube.com/watch?v=UCWQ0Idj2tw
https://www.youtube.com/watch?v=QecNHE_12kE
https://www.youtube.com/watch?v=znbzo1k4SQA
https://www.youtube.com/watch?v=2VhiShPMK3w
https://www.youtube.com/watch?v=Vy-4XBAXW5Q
https://www.youtube.com/watch?v=8d2xveAcRgw
https://www.youtube.com/watch?v=a90101xZeV8
https://www.youtube.com/watch?v=VdxwAODHOUI
https://www.youtube.com/watch?v=Kg8m6VvYjHU
https://www.youtube.com/watch?v=1jOzQtHGRV0
https://www.youtube.com/watch?v=Gv9G8GQQvLw
https://www.youtube.com/watch?v=Vor1040q07E
https://www.youtube.com/watch?v=ejDjkBJMwgk
https://www.youtube.com/watch?v=Hpc86CsQ-Lo
https://www.youtube.com/watch?v=SYplzMhJNqs
https://www.youtube.com/watch?v=ayzZhSx_PzY
https://www.youtube.com/watch?v=pBPj0nZXHM8
https://www.youtube.com/watch?v=k6FsLZTpBek
https://www.youtube.com/watch?v=cLi0lp_BDJU
https://www.youtube.com/watch?v=pvOV-WZmBiE
https://www.youtube.com/watch?v=Kza-h3mVf5Y
https://www.youtube.com/watch?v=LZsYb616SOU
https://www.youtube.com/watch?v=exHTgtbQn70
https://www.youtube.com/watch?v=qni1P7iX9zg
https://www.youtube.com/watch?v=ZweesqudtvM
https://www.youtube.com/watch?v=guYx8yQB8Zs
https://www.youtube.com/watch?v=k-6evUZ5jyM
https://www.youtube.com/watch?v=5kXDw5uslHE
https://www.youtube.com/watch?v=whoyoi4LhHg
https://www.youtube.com/watch?v=CqcHC6DfaM8
https://www.youtube.com/watch?v=jyRschTGi8A
https://www.youtube.com/watch?v=Fk_UVJTjYFQ
https://www.youtube.com/watch?v=kvaChSolQck
https://www.youtube.com/watch?v=j5hvh31VHFE
https://www.youtube.com/watch?v=C4B_69z3nIU
https://www.youtube.com/watch?v=2bCQzLwCcfs
https://www.youtube.com/watch?v=7Ikc0bRgwHw
https://www.youtube.com/watch?v=KKJCDOgWqwM
https://www.youtube.com/watch?v=_71cmn4_QJc
https://www.youtube.com/watch?v=_xoVYAxW334
https://www.youtube.com/watch?v=0TQveJDRF_I
https://www.youtube.com/watch?v=JWyXU5cd-yc
https://www.youtube.com/watch?v=AkfdmgQerI8
https://www.youtube.com/watch?v=3skgL5TIg8Q
https://www.youtube.com/watch?v=eHRDzsr-g4w
https://www.youtube.com/watch?v=QUvHE-dxsXE
https://www.youtube.com/watch?v=ihU6Qpt9OM4
https://www.youtube.com/watch?v=n_eHRfOBCG0
https://www.youtube.com/watch?v=O2vSM3UxM3Q
https://www.youtube.com/watch?v=64PcxhMv64M
https://www.youtube.com/watch?v=A650mr_oK68
https://www.youtube.com/watch?v=01Q1YltWHgs
https://www.youtube.com/watch?v=FaA7RmDKrKI
https://www.youtube.com/watch?v=qaWggKvtteM
https://www.youtube.com/watch?v=ZlHmjgSEzIk
https://www.youtube.com/watch?v=GFPLLZq4tJU
https://www.youtube.com/watch?v=KMyVYKSmtDk
https://www.youtube.com/watch?v=HuUYzmxegLU
https://www.youtube.com/watch?v=r3879IX7hmA
https://www.youtube.com/watch?v=0kZEORy-fBo
https://www.youtube.com/watch?v=wYCz3TZJMhE
https://www.youtube.com/watch?v=Rjxnz0kGC_s
https://www.youtube.com/watch?v=PcTpRnvPy0c
https://www.youtube.com/watch?v=mPdmk1vCYP8
https://www.youtube.com/watch?v=-SyTIFZAwu4
https://www.youtube.com/watch?v=-yYHWbaiEXA
https://www.youtube.com/watch?v=Q6rYWcmjJ4s
https://www.youtube.com/watch?v=A8YouUK4jT0
https://www.youtube.com/watch?v=QVRm3adUafw
https://www.youtube.com/watch?v=5ZqvpEYA4zI
https://www.youtube.com/watch?v=PppefVmoYFU
https://www.youtube.com/watch?v=E_jItEQFsug
https://www.youtube.com/watch?v=jsLgXRISzc0
https://www.youtube.com/watch?v=iz-3LW09mKg
https://www.youtube.com/watch?v=3Hr91o6mcFk
https://www.youtube.com/watch?v=YX67vdEhj0U
https://www.youtube.com/watch?v=CzAtcmd9tVU
https://www.youtube.com/watch?v=r9KSp-newJg
https://www.youtube.com/watch?v=p9c7Xksfzpw
https://www.youtube.com/watch?v=a1lqmFlgZf8
https://www.youtube.com/watch?v=yvCjFqSIIR4
https://www.youtube.com/watch?v=B1_-IT8lI3w
https://www.youtube.com/watch?v=szt8JTTBC5Y
https://www.youtube.com/watch?v=rZ12bfOxxNM
https://www.youtube.com/watch?v=U_0Au69riP0
https://www.youtube.com/watch?v=1UtdyJH7s1I
https://www.youtube.com/watch?v=LyJGk9HC7CA
https://www.youtube.com/watch?v=nW2wQhd3h3E
https://www.youtube.com/watch?v=zwlJkVGPdYM
https://www.youtube.com/watch?v=hQ4Ql42UyYU
https://www.youtube.com/watch?v=VWNnbEatODk
https://www.youtube.com/watch?v=_FIwuBfJOYc
https://www.youtube.com/watch?v=IDAHN7H67VM
https://www.youtube.com/watch?v=E2t8F3AY9J0
https://www.youtube.com/watch?v=7QzMIEihK5k
https://www.youtube.com/watch?v=Do3B9jzHikk
https://www.youtube.com/watch?v=Br9s5SfQxD8
https://www.youtube.com/watch?v=ZyXtQf914O0
https://www.youtube.com/watch?v=_gXNxkp-ebI
https://www.youtube.com/watch?v=bsDSsl11mXs
https://www.youtube.com/watch?v=8BeREifq4h8
https://www.youtube.com/watch?v=pssZKXqN7iE
https://www.youtube.com/watch?v=TTWQuWj1-i8
https://www.youtube.com/watch?v=6RRaW-1T1DE
https://www.youtube.com/watch?v=2W66TxrJpGk
https://www.youtube.com/watch?v=7qZiRVtz7X0
https://www.youtube.com/watch?v=wcqzzy8_efU
https://www.youtube.com/watch?v=iDVl9pExnks
https://www.youtube.com/watch?v=XweLzXmOlls
https://www.youtube.com/watch?v=pgIjRB-L8OY
https://www.youtube.com/watch?v=lIS6J4cNmDg
https://www.youtube.com/watch?v=L1aq01-uxNs
https://www.youtube.com/watch?v=ll0_RNKBCIw
https://www.youtube.com/watch?v=mEJ_RdHGZOA
https://www.youtube.com/watch?v=EhIlDg3sDqo
https://www.youtube.com/watch?v=id2a20-1jlY
https://www.youtube.com/watch?v=ibn3dxB031w
https://www.youtube.com/watch?v=Vlrn3PHw2Qk
https://www.youtube.com/watch?v=ucQqnYheB5M
https://www.youtube.com/watch?v=ABDpjGj74Fw
https://www.youtube.com/watch?v=GdI7SHXTbvI
https://www.youtube.com/watch?v=jo4EUz8qFhs
https://www.youtube.com/watch?v=G5Ipj5Pt4PM
https://www.youtube.com/watch?v=F9-fJABVBIc
https://www.youtube.com/watch?v=GW5qvtc0zDU
https://www.youtube.com/watch?v=-XuT4odZyec
https://www.youtube.com/watch?v=JpUuxzkQYKE
https://www.youtube.com/watch?v=ynBf2WAFhZU
https://www.youtube.com/watch?v=cuXW-3Tj_-c
https://www.youtube.com/watch?v=aGvANYLel4I
https://www.youtube.com/watch?v=pZIckTXq0Mw
https://www.youtube.com/watch?v=VPHcmV-t_Mc
https://www.youtube.com/watch?v=e9nHphV_Qjg
https://www.youtube.com/watch?v=ALg7nmABfFY
https://www.youtube.com/watch?v=-HfZDRA0b4E
https://www.youtube.com/watch?v=TU2IcOMX6ps
https://www.youtube.com/watch?v=UgKtSGdWC4M
https://www.youtube.com/watch?v=5MLudCzWmSc
https://www.youtube.com/watch?v=-aK4JhBr8uI
https://www.youtube.com/watch?v=5ciBmrV440g
https://www.youtube.com/watch?v=URJcymeLcnQ
https://www.youtube.com/watch?v=zdOCT_VQNKo
https://www.youtube.com/watch?v=BxauLa-Mc_8
https://www.youtube.com/watch?v=FUFdGxB1_KM
https://www.youtube.com/watch?v=y2TBy8KMnd0
https://www.youtube.com/watch?v=a6C2AeGp_G8
https://www.youtube.com/watch?v=xE-EQaB-DYs
https://www.youtube.com/watch?v=-pnH6leow_s
https://www.youtube.com/watch?v=mp9xpgvRLfQ
https://www.youtube.com/watch?v=Rp257EjpVKU
https://www.youtube.com/watch?v=CIWaAKhzMiE
https://www.youtube.com/watch?v=ScVbsX77gto
https://www.youtube.com/watch?v=FbHkatojfNQ
https://www.youtube.com/watch?v=Q3HiYzwJSug
https://www.youtube.com/watch?v=346YPDM22mo
https://www.youtube.com/watch?v=5EY1C6GOns8
https://www.youtube.com/watch?v=EleXNYTrGuQ
https://www.youtube.com/watch?v=_h5SnqZVtD4
https://www.youtube.com/watch?v=zKgfPTuprxs
https://www.youtube.com/watch?v=fd8HRP81EPc
https://www.youtube.com/watch?v=I5b7KrJkfno
https://www.youtube.com/watch?v=H0Ffp8nGWDI
https://www.youtube.com/watch?v=N4fpCoB25rg
https://www.youtube.com/watch?v=ctpcBYZ7QMs
https://www.youtube.com/watch?v=kmQciqKbRp8
https://www.youtube.com/watch?v=xcWYTO5lpwE
https://www.youtube.com/watch?v=1xTXgpsPtrc
https://www.youtube.com/watch?v=hMpSHBEm6To
https://www.youtube.com/watch?v=HEfhwWHJbTM
https://www.youtube.com/watch?v=8KqWUvi8d7I
https://www.youtube.com/watch?v=F6sYpvXbowU
https://www.youtube.com/watch?v=ihOkLTHe9Ig
https://www.youtube.com/watch?v=I54QAfzonBE
https://www.youtube.com/watch?v=-E1oMqIBGDg
https://www.youtube.com/watch?v=53imULKGX4M
https://www.youtube.com/watch?v=19IS0YZDUOU
https://www.youtube.com/watch?v=Fj9SIZ7VzWw
https://www.youtube.com/watch?v=z_iBnNjuS40
https://www.youtube.com/watch?v=vQ4d-cz7CuQ
https://www.youtube.com/watch?v=rh-N_EPvaoQ
https://www.youtube.com/watch?v=4OLrnkMqEMA
https://www.youtube.com/watch?v=PMPKg716Uw4
https://www.youtube.com/watch?v=_JDGS_o3gf4
https://www.youtube.com/watch?v=QVy81nDIsMA
https://www.youtube.com/watch?v=cXorznac5Wk
https://www.youtube.com/watch?v=c6p1nXtF5dY
https://www.youtube.com/watch?v=FSW8kTmVcHU
https://www.youtube.com/watch?v=OqXCmNMPIBc
https://www.youtube.com/watch?v=kCudcRd65PE
https://www.youtube.com/watch?v=cjl4W748AUc
https://www.youtube.com/watch?v=DzAJ-5UARrU
https://www.youtube.com/watch?v=PX91nB38oQY
https://www.youtube.com/watch?v=PAQXFwm7shA
https://www.youtube.com/watch?v=5wPenIdl1G0
https://www.youtube.com/watch?v=yDLzd8dj_Qc
https://www.youtube.com/watch?v=ZH3ZH7C2szk
https://www.youtube.com/watch?v=JhpEemj25eg
https://www.youtube.com/watch?v=HGeETnTPtS8
https://www.youtube.com/watch?v=zRQJXTqSaMA
https://www.youtube.com/watch?v=Zpb7Z7ye9zw
https://www.youtube.com/watch?v=yj_xRnOlEbg
https://www.youtube.com/watch?v=aSyyjt-hISM
https://www.youtube.com/watch?v=cZQnXevzsUg
https://www.youtube.com/watch?v=CxwFoVK4908
https://www.youtube.com/watch?v=9j_mWQJo8-A
https://www.youtube.com/watch?v=rnIEjESQwLk
https://www.youtube.com/watch?v=cTLJOAYUD80
https://www.youtube.com/watch?v=nPPbOkWDY5E
https://www.youtube.com/watch?v=FB9Vty1I84U
https://www.youtube.com/watch?v=XlIEQ1e_oSs
https://www.youtube.com/watch?v=0yp0hvxQSuY
https://www.youtube.com/watch?v=WHNNHAoaZD4
https://www.youtube.com/watch?v=XxInprO8FOE
https://www.youtube.com/watch?v=RBmA9ewV-OM
https://www.youtube.com/watch?v=vuhsPJy1unE
https://www.youtube.com/watch?v=k7x-ApDlQWE
https://www.youtube.com/watch?v=4nlQAmn3tH4
https://www.youtube.com/watch?v=o6ZYw1tCDcw
https://www.youtube.com/watch?v=ticLtwIm4G4
https://www.youtube.com/watch?v=ITydv3q6VOk
https://www.youtube.com/watch?v=DNx9hDppHro
https://www.youtube.com/watch?v=VNDs4rmti34
https://www.youtube.com/watch?v=rFMUqWk7NCo
https://www.youtube.com/watch?v=4KBjBvxgwSU
https://www.youtube.com/watch?v=A6gh31VxvDY
https://www.youtube.com/watch?v=nmqIxUpme54
https://www.youtube.com/watch?v=fITr8dOJmhU
https://www.youtube.com/watch?v=6xbryafEDlQ
https://www.youtube.com/watch?v=OBULE4vmHaw
https://www.youtube.com/watch?v=_5LCVeGcc-8
https://www.youtube.com/watch?v=kWYKUrUOnYE
https://www.youtube.com/watch?v=vCn4jrVdEwE
https://www.youtube.com/watch?v=BSZI1wbOw-w
https://www.youtube.com/watch?v=zGZvgYt86Vc
https://www.youtube.com/watch?v=dk1-3HDZC9c
https://www.youtube.com/watch?v=Crn5oF8S3AU
https://www.youtube.com/watch?v=xDrQV1qE7Dc
https://www.youtube.com/watch?v=pYUgI05rESs
https://www.youtube.com/watch?v=FJNH9bFc9FM
https://www.youtube.com/watch?v=0ktyJK4tUm8
https://www.youtube.com/watch?v=oRpFM8CAeDE
https://www.youtube.com/watch?v=xn-2lSpfOJE
https://www.youtube.com/watch?v=balKI5Znwi4
https://www.youtube.com/watch?v=qqSlkp3Yt9s
https://www.youtube.com/watch?v=WuTbGfPQD2o
https://www.youtube.com/watch?v=rZkQ_nbrfkw
https://www.youtube.com/watch?v=xrUfrJdxZb4
https://www.youtube.com/watch?v=hearz7w_YZw
https://www.youtube.com/watch?v=IQkh3ZXAVP8
https://www.youtube.com/watch?v=6K4-5DO4m8g
https://www.youtube.com/watch?v=nV4byCwVhM8
https://www.youtube.com/watch?v=6B277tXxJJc
https://www.youtube.com/watch?v=5XRR6xoNUU4
https://www.youtube.com/watch?v=z25OR1fK6eQ
https://www.youtube.com/watch?v=hBs4ZxZXUz8
https://www.youtube.com/watch?v=EQCiGsA2CgE
https://www.youtube.com/watch?v=6XT9g1pkioA
https://www.youtube.com/watch?v=mkLicWXUZ6A
https://www.youtube.com/watch?v=8tfSR6oStfM
https://www.youtube.com/watch?v=LuasvCpU55s
https://www.youtube.com/watch?v=j4ZXATuaHY8
https://www.youtube.com/watch?v=m5fY815iJDw
https://www.youtube.com/watch?v=K-t0258bJPU
https://www.youtube.com/watch?v=dfAExsSdy2o
https://www.youtube.com/watch?v=YjAtdniN0nA
https://www.youtube.com/watch?v=rSnIjPfZssM
https://www.youtube.com/watch?v=FAB943HkqcQ
https://www.youtube.com/watch?v=dMW53iFh9_0
https://www.youtube.com/watch?v=CokcuFE9D80
https://www.youtube.com/watch?v=g_sXD5sDOKY
https://www.youtube.com/watch?v=4B5Ct1b9FnY
https://www.youtube.com/watch?v=6BjjV0MHqkw
https://www.youtube.com/watch?v=VsHuPoQxiEI
https://www.youtube.com/watch?v=-58uQ4wNxQI
https://www.youtube.com/watch?v=TIx2WQN3Xok
https://www.youtube.com/watch?v=mefBGKZvqzs
https://www.youtube.com/watch?v=mRZ4_m3k-6I
https://www.youtube.com/watch?v=cEXdWBs7v-A
https://www.youtube.com/watch?v=h_6I5k4Obdk
https://www.youtube.com/watch?v=ve2PjA4gz90
https://www.youtube.com/watch?v=zKUazyEvrz0
https://www.youtube.com/watch?v=YdMDGlWZ7L0
https://www.youtube.com/watch?v=OVs2eNIElIY
https://www.youtube.com/watch?v=5zUaGM9tyhw
https://www.youtube.com/watch?v=qoTk_ZtD2zw
https://www.youtube.com/watch?v=i5himagD-dY
https://www.youtube.com/watch?v=A0RECPNjKnk
https://www.youtube.com/watch?v=ZwPsFF5nCgc
https://www.youtube.com/watch?v=zAZmLipQFH8
https://www.youtube.com/watch?v=PElQW45aB9o
https://www.youtube.com/watch?v=MDUfz5e2FLU
https://www.youtube.com/watch?v=YloPXPmlUKY
https://www.youtube.com/watch?v=SViUKbpbnKk
https://www.youtube.com/watch?v=7BWFpl-hssk
https://www.youtube.com/watch?v=Efo08c9bFrU
https://www.youtube.com/watch?v=kcHczECVkjU
https://www.youtube.com/watch?v=6aZUrDk_gZo
https://www.youtube.com/watch?v=T8osUr76VKI
https://www.youtube.com/watch?v=ku_oe8yukLM
https://www.youtube.com/watch?v=DYcPztv8Atc
https://www.youtube.com/watch?v=c1Qx1g-ar5c
https://www.youtube.com/watch?v=xVPgRn2dOhA
https://www.youtube.com/watch?v=nWndXguL6zA
https://www.youtube.com/watch?v=Q3duCGwVlzs
https://www.youtube.com/watch?v=5L3D8_NcdE8
https://www.youtube.com/watch?v=W1UQkLRKBPo
https://www.youtube.com/watch?v=bi91bM_xL-s
https://www.youtube.com/watch?v=rEes032cWpg
https://www.youtube.com/watch?v=cUTGI09TarU
https://www.youtube.com/watch?v=5lrbjCWBdfk
https://www.youtube.com/watch?v=lhNuhEMX-PA
https://www.youtube.com/watch?v=tsgLkL9I1lA
https://www.youtube.com/watch?v=qtcT5roTLyE
https://www.youtube.com/watch?v=P8jKBUmkliQ
https://www.youtube.com/watch?v=SKKo-tBIqU0
https://www.youtube.com/watch?v=IG6MP5-XxWI
https://www.youtube.com/watch?v=_HLp4sUggrk
https://www.youtube.com/watch?v=gXc0PU8E320
https://www.youtube.com/watch?v=GiGirf8Th6I
https://www.youtube.com/watch?v=2SR2ZRmRysw
https://www.youtube.com/watch?v=wWFGyUCeKe4
https://www.youtube.com/watch?v=2ohNekTUJD0
https://www.youtube.com/watch?v=KgfmyjGfiQk
https://www.youtube.com/watch?v=zEt5IHsn_uk
https://www.youtube.com/watch?v=B9be2CUmqxI
https://www.youtube.com/watch?v=2e4iWosknB8
https://www.youtube.com/watch?v=qS24NNwyH2g
https://www.youtube.com/watch?v=Ocjcvm8RZ2g
https://www.youtube.com/watch?v=XY5EJMGku2k
https://www.youtube.com/watch?v=rQyZf16PEcI
https://www.youtube.com/watch?v=-fFXlW_0-GQ
https://www.youtube.com/watch?v=LEArKNq_CTs
https://www.youtube.com/watch?v=14b86Av4L5k
https://www.youtube.com/watch?v=wIpQXZg5sio
https://www.youtube.com/watch?v=uiHNGsMdg9o
https://www.youtube.com/watch?v=9eNxsbSdRj0
https://www.youtube.com/watch?v=-2zlcg_pGP4
https://www.youtube.com/watch?v=v4pzhPoXQyc
https://www.youtube.com/watch?v=Puu0LH3PLpY
https://www.youtube.com/watch?v=z_0AZ41YjMM
https://www.youtube.com/watch?v=zLUs0vOz2N0
https://www.youtube.com/watch?v=36OBDHQrU_A
https://www.youtube.com/watch?v=8ForXrk0rK4
https://www.youtube.com/watch?v=-2yHu5qgTzM
https://www.youtube.com/watch?v=-6DJRy5VOfg
https://www.youtube.com/watch?v=-6r04gCLMWw
https://www.youtube.com/watch?v=-BA_ifeRHxs
https://www.youtube.com/watch?v=-BYN56NP6vA
https://www.youtube.com/watch?v=-MiZb4F8mis
https://www.youtube.com/watch?v=-EgW0xV1fsE
https://www.youtube.com/watch?v=-VSGbq7pd7s
https://www.youtube.com/watch?v=-TfD4eKDfbI
https://www.youtube.com/watch?v=-eo-GOu6sMk
https://www.youtube.com/watch?v=-2yHu5qgTzM
https://www.youtube.com/watch?v=-6r04gCLMWw
https://www.youtube.com/watch?v=-6DJRy5VOfg
https://www.youtube.com/watch?v=-WICXywEp-o
https://www.youtube.com/watch?v=Df3u46xBVMY
https://www.youtube.com/watch?v=jMfCY9aV93I
https://www.youtube.com/watch?v=jO7gexp7JQk
https://www.youtube.com/watch?v=jOitJt7w9os
https://www.youtube.com/watch?v=jdhVGQbLAlo
https://www.youtube.com/watch?v=jr3_5N0bGcY
https://www.youtube.com/watch?v=lPYEPTxIzRE
https://www.youtube.com/watch?v=lrTpnvEm-TU
https://www.youtube.com/watch?v=mDMiJELJPM0
https://www.youtube.com/watch?v=mIHiNcaHAJg
https://www.youtube.com/watch?v=mXUNGhpiAhY
https://www.youtube.com/watch?v=mZa-1c_i2Kc
https://www.youtube.com/watch?v=mc53sFJsyY0
https://www.youtube.com/watch?v=mf-tEroO_4k
https://www.youtube.com/watch?v=mja09hPdRlQ
https://www.youtube.com/watch?v=mlruEZ5-90Q
https://www.youtube.com/watch?v=mqVKR9OnqqA
https://www.youtube.com/watch?v=mtczg2FZrpY
https://www.youtube.com/watch?v=n6oKM7O559c
https://www.youtube.com/watch?v=n9hoKEseUmM
https://www.youtube.com/watch?v=nGYhuEdisJo
https://www.youtube.com/watch?v=nJzJ9teeDh4
https://www.youtube.com/watch?v=nU16nP003I8
https://www.youtube.com/watch?v=nZiTo9NRolg
https://www.youtube.com/watch?v=naqZfPs-60c
https://www.youtube.com/watch?v=nemNn6lXOoI
https://www.youtube.com/watch?v=nfjdqLrZ9jc
https://www.youtube.com/watch?v=nrp4yrZzWzg
https://www.youtube.com/watch?v=o56t9sQni0U
https://www.youtube.com/watch?v=o8Uedv0cpNo
https://www.youtube.com/watch?v=oKW0pzTVL1U
https://www.youtube.com/watch?v=oPquZigbLsk
https://www.youtube.com/watch?v=oPz2a4EVYpY
https://www.youtube.com/watch?v=oX2DKCZUiyI
https://www.youtube.com/watch?v=pHv7sVT0T5s
https://www.youtube.com/watch?v=pc9ymdvq_Bk
https://www.youtube.com/watch?v=pysrjjmgxPw
https://www.youtube.com/watch?v=q3gKwycKbc4
https://www.youtube.com/watch?v=q7GpP1ZcUvA
https://www.youtube.com/watch?v=zdUNSttU7Vg
https://www.youtube.com/watch?v=Df3u46xBVMY
https://www.youtube.com/watch?v=Df3u46xBVMY
https://www.youtube.com/watch?v=JRy-ncvDQ3Y
https://www.youtube.com/watch?v=JVYIos80Iu4
https://www.youtube.com/watch?v=KKBO6vul8zs
https://www.youtube.com/watch?v=KXOraEzeyTU
https://www.youtube.com/watch?v=KilehMXMxo0
https://www.youtube.com/watch?v=KlG0xk93J-E
https://www.youtube.com/watch?v=KlulwW5sxmQ
https://www.youtube.com/watch?v=KnAtnfHjbxE
https://www.youtube.com/watch?v=Kp8tTjxZWyY
https://www.youtube.com/watch?v=KuMIQTTc2mA
https://www.youtube.com/watch?v=Lc82vbetuHA
https://www.youtube.com/watch?v=Lj7udhzGJtk
https://www.youtube.com/watch?v=LongQX9Yy8M
https://www.youtube.com/watch?v=Lygu02xxyRY
https://www.youtube.com/watch?v=M3lOR5tO7kU
https://www.youtube.com/watch?v=OTiXH0xO-vI
https://www.youtube.com/watch?v=ykMgN4ZVR9Q
https://www.youtube.com/watch?v=Kp8tTjxZWyY
