https://www.youtube.com/watch?v=S9zZJMOB3Cg
https://www.youtube.com/watch?v=5hPcM_IGdhE
https://www.youtube.com/watch?v=CowvPKkSWiU
https://www.youtube.com/watch?v=PDu7OqCd3FY
https://www.youtube.com/watch?v=Y7p-eeNMUAQ
https://www.youtube.com/watch?v=OgwU5pdU90I
https://www.youtube.com/watch?v=jjIWx9osF1U
https://www.youtube.com/watch?v=H6rwPX2QeOM
https://www.youtube.com/watch?v=kkBa7tKiiu8
https://www.youtube.com/watch?v=hrjYW-pY7e8
https://www.youtube.com/watch?v=oJF8UY5lXPo
https://www.youtube.com/watch?v=nTPsXQ9q4lU
https://www.youtube.com/watch?v=psgD_DqwIoE
https://www.youtube.com/watch?v=wo9Z56uh8RU
https://www.youtube.com/watch?v=K9G9IXMJGEc
https://www.youtube.com/watch?v=BafGDiQlxxE
https://www.youtube.com/watch?v=-g1lbkXr2IE
https://www.youtube.com/watch?v=j5RvCTDCEjI
https://www.youtube.com/watch?v=U4gfJsSkEbw
https://www.youtube.com/watch?v=e7MiY5H0OaU
https://www.youtube.com/watch?v=XLJDbNWbPCI
https://www.youtube.com/watch?v=YvbWWNpBbRE
https://www.youtube.com/watch?v=QFojRtC3VjQ
https://www.youtube.com/watch?v=6qdAVyhx1Xs
https://www.youtube.com/watch?v=WKOyChnCPEA
https://www.youtube.com/watch?v=blT-hhpLS4E
https://www.youtube.com/watch?v=TsdI6sdSpGI
https://www.youtube.com/watch?v=gCaes3UHeQg
https://www.youtube.com/watch?v=Kfm0AOQm35I
https://www.youtube.com/watch?v=bHtusbDewoA
https://www.youtube.com/watch?v=Jm5ZObqorjU
https://www.youtube.com/watch?v=CM9Qjyjtmbw
https://www.youtube.com/watch?v=N10cXMJPrWU
https://www.youtube.com/watch?v=TgUKbie0C_Y
https://www.youtube.com/watch?v=n92svXuOVmY
https://www.youtube.com/watch?v=5et20tM_pgw
https://www.youtube.com/watch?v=2svXR3j0qyc
https://www.youtube.com/watch?v=V01TCuiC95E
https://www.youtube.com/watch?v=8_TPwcrVqLY
https://www.youtube.com/watch?v=OfNVlcivY7s
https://www.youtube.com/watch?v=HVmV5QYSEwk
https://www.youtube.com/watch?v=XmfehzH_LIM
https://www.youtube.com/watch?v=MSUZf7HYvLw
https://www.youtube.com/watch?v=zkh_Ms8sUVY
https://www.youtube.com/watch?v=WOYp0XD2W2o
https://www.youtube.com/watch?v=-cpeX-DH-xY
https://www.youtube.com/watch?v=LxJ_JMPZUzw
https://www.youtube.com/watch?v=wDyrni6-4GE
https://www.youtube.com/watch?v=QvasWQBCDlM
https://www.youtube.com/watch?v=IlbU0n0ewY4
https://www.youtube.com/watch?v=k4Dpgkuk3uc
https://www.youtube.com/watch?v=HaCG1VRBS_U
https://www.youtube.com/watch?v=SAv-fAyaBMM
https://www.youtube.com/watch?v=SAxZUiHOtxw
https://www.youtube.com/watch?v=fSWioNuMu1U
https://www.youtube.com/watch?v=HTNkTRZXGbI
https://www.youtube.com/watch?v=PR1VOSZGLZU
https://www.youtube.com/watch?v=9kcHxpwRGLo
https://www.youtube.com/watch?v=P2aFAl3Jst8
https://www.youtube.com/watch?v=OdSQBOCxH4Q
https://www.youtube.com/watch?v=2j4LKmjDlHg
https://www.youtube.com/watch?v=yuA-X0X6Zqk
https://www.youtube.com/watch?v=WBI72FwBhjY
https://www.youtube.com/watch?v=KPuZPt7w8c8
https://www.youtube.com/watch?v=p3nfgvCr5_c
https://www.youtube.com/watch?v=S2D5j61RK5o
https://www.youtube.com/watch?v=G6uYSrrbDSI
https://www.youtube.com/watch?v=mQibDR6TMLU
https://www.youtube.com/watch?v=CL6WQ82ibeU
https://www.youtube.com/watch?v=Odp28Co1cnQ
https://www.youtube.com/watch?v=-J3YLIQlnXY
https://www.youtube.com/watch?v=OtTXJ6gVz28
https://www.youtube.com/watch?v=3a-34Oj0iHU
https://www.youtube.com/watch?v=A0T4yDYPObQ
https://www.youtube.com/watch?v=0DeYMhCwhsE
https://www.youtube.com/watch?v=Ywk0u6Y7oSk
https://www.youtube.com/watch?v=NSYceLD4-Fk
https://www.youtube.com/watch?v=Wy4tfs2P02U
https://www.youtube.com/watch?v=GF6CVARXuNc
https://www.youtube.com/watch?v=MQF304_sPQQ
https://www.youtube.com/watch?v=uw_ruLLyFYI
https://www.youtube.com/watch?v=XjM2kntjJM0
https://www.youtube.com/watch?v=DF-JSFoU1lI
https://www.youtube.com/watch?v=VXpmpRr9vgw
https://www.youtube.com/watch?v=jhR2O38_pD0
https://www.youtube.com/watch?v=t5MHu9NKbNE
https://www.youtube.com/watch?v=ekUqAhJnIHg
https://www.youtube.com/watch?v=q1TBPjNXGgk
https://www.youtube.com/watch?v=TRDI4_uWhDk
https://www.youtube.com/watch?v=rszksu9jVcA
https://www.youtube.com/watch?v=Hd-i-q05knM
https://www.youtube.com/watch?v=oCpvjDHX9v8
https://www.youtube.com/watch?v=XR7kaTBP4q8
https://www.youtube.com/watch?v=5wTE1Nrmtn0
https://www.youtube.com/watch?v=oiNdi5P-Iw8
https://www.youtube.com/watch?v=Uu62grM7Vh8
https://www.youtube.com/watch?v=X57uuq2gaAE
https://www.youtube.com/watch?v=2JAiaz4_IGQ
https://www.youtube.com/watch?v=UfXGALOkdto
https://www.youtube.com/watch?v=9phtmIATPQ0
https://www.youtube.com/watch?v=vI3LEjLDBcs
https://www.youtube.com/watch?v=gwOBFcbbcO8
https://www.youtube.com/watch?v=T8a9wIU1vEc
https://www.youtube.com/watch?v=NIgIQ8c5v7k
https://www.youtube.com/watch?v=q_TZRnXbePY
https://www.youtube.com/watch?v=g6viUYm-oUc
https://www.youtube.com/watch?v=mk4ZE0o4XDk
https://www.youtube.com/watch?v=_Xh2KzG0mvs
https://www.youtube.com/watch?v=XBNXtcgqvNM
https://www.youtube.com/watch?v=u7IWrvKvEyg
https://www.youtube.com/watch?v=OKSsC--3bYs
https://www.youtube.com/watch?v=U41fxxyfc_A
https://www.youtube.com/watch?v=fcMRtSETzJ4
https://www.youtube.com/watch?v=nWyBO_7cQeA
https://www.youtube.com/watch?v=4NMfyoM2hGo
https://www.youtube.com/watch?v=S9zZJMOB3Cg
https://www.youtube.com/watch?v=5hPcM_IGdhE
https://www.youtube.com/watch?v=S9zZJMOB3Cg
https://www.youtube.com/watch?v=5hPcM_IGdhE
https://www.youtube.com/watch?v=S9zZJMOB3Cg
https://www.youtube.com/watch?v=5hPcM_IGdhE
https://www.youtube.com/watch?v=CowvPKkSWiU
https://www.youtube.com/watch?v=PDu7OqCd3FY
https://www.youtube.com/watch?v=Y7p-eeNMUAQ
https://www.youtube.com/watch?v=OgwU5pdU90I
https://www.youtube.com/watch?v=jjIWx9osF1U
https://www.youtube.com/watch?v=H6rwPX2QeOM
https://www.youtube.com/watch?v=kkBa7tKiiu8
https://www.youtube.com/watch?v=-5wdOCl0yRc
https://www.youtube.com/watch?v=-5wdOCl0yRc
https://www.youtube.com/watch?v=-5wdOCl0yRc
https://www.youtube.com/watch?v=-5wdOCl0yRc
https://www.youtube.com/watch?v=-5wdOCl0yRc
https://www.youtube.com/watch?v=-5wdOCl0yRc
https://www.youtube.com/watch?v=2fJbpynY0KI
https://www.youtube.com/watch?v=2lnqGD-Civw
https://www.youtube.com/watch?v=3fyYXqzKvQo
https://www.youtube.com/watch?v=52If1n8HcBk
https://www.youtube.com/watch?v=5QNVrd1lCCw
https://www.youtube.com/watch?v=6yxoArDcjW0
https://www.youtube.com/watch?v=8RHPYmvsvck
https://www.youtube.com/watch?v=Bh-kH0uMpfM
https://www.youtube.com/watch?v=Cas7X3Mvyok
https://www.youtube.com/watch?v=EavEPJKwuwM
https://www.youtube.com/watch?v=EvK1FP6PTfo
https://www.youtube.com/watch?v=FF3zfEKIvlc
https://www.youtube.com/watch?v=HFoCtdSkzIw
https://www.youtube.com/watch?v=HkBx4oxBvK0
https://www.youtube.com/watch?v=INJNyDvqX-0
https://www.youtube.com/watch?v=IxnGYJnB8ok
https://www.youtube.com/watch?v=JXkAmgOegD4
https://www.youtube.com/watch?v=K37szrzqJOg
https://www.youtube.com/watch?v=LGpBoVe2ang
https://www.youtube.com/watch?v=MgwdF8QLrj4
https://www.youtube.com/watch?v=Opk2RWmkxJs
https://www.youtube.com/watch?v=P0_vYKOIAIA
https://www.youtube.com/watch?v=RVUbDTWZCAw
https://www.youtube.com/watch?v=S69x6qyJqko
https://www.youtube.com/watch?v=TVht-QgHFDc
https://www.youtube.com/watch?v=ULX9Y9ezwn8
https://www.youtube.com/watch?v=XWdx1IVCGEM
https://www.youtube.com/watch?v=YT0EInuC_b4
https://www.youtube.com/watch?v=ZHDq-SXM1Rk
https://www.youtube.com/watch?v=allEYHiPobg
https://www.youtube.com/watch?v=bPzu_gGqO5Y
https://www.youtube.com/watch?v=bTQJEiTPf-Q
https://www.youtube.com/watch?v=beZlWUq7Xx0
https://www.youtube.com/watch?v=gSqFQMm1dU8
https://www.youtube.com/watch?v=hBNtQ2hr6Kk
https://www.youtube.com/watch?v=k8t2JpkMEww
https://www.youtube.com/watch?v=nYTnaSbGAU8
https://www.youtube.com/watch?v=q07e11mq5lA
https://www.youtube.com/watch?v=qX3hukMiZmY
https://www.youtube.com/watch?v=uUpXm0KN9KQ
https://www.youtube.com/watch?v=xYDzLYUnuh0
https://www.youtube.com/watch?v=-5wdOCl0yRc
https://www.youtube.com/watch?v=2fJbpynY0KI
https://www.youtube.com/watch?v=2lnqGD-Civw
https://www.youtube.com/watch?v=3fyYXqzKvQo
https://www.youtube.com/watch?v=52If1n8HcBk
https://www.youtube.com/watch?v=5QNVrd1lCCw
https://www.youtube.com/watch?v=6yxoArDcjW0
https://www.youtube.com/watch?v=8RHPYmvsvck
https://www.youtube.com/watch?v=Bh-kH0uMpfM
https://www.youtube.com/watch?v=Cas7X3Mvyok
https://www.youtube.com/watch?v=EavEPJKwuwM
https://www.youtube.com/watch?v=EvK1FP6PTfo
https://www.youtube.com/watch?v=FF3zfEKIvlc
https://www.youtube.com/watch?v=HFoCtdSkzIw
https://www.youtube.com/watch?v=HkBx4oxBvK0
https://www.youtube.com/watch?v=INJNyDvqX-0
https://www.youtube.com/watch?v=IxnGYJnB8ok
https://www.youtube.com/watch?v=-5wdOCl0yRc
https://www.youtube.com/watch?v=2fJbpynY0KI
https://www.youtube.com/watch?v=2lnqGD-Civw
https://www.youtube.com/watch?v=3fyYXqzKvQo
https://www.youtube.com/watch?v=52If1n8HcBk
https://www.youtube.com/watch?v=5QNVrd1lCCw
https://www.youtube.com/watch?v=6yxoArDcjW0
https://www.youtube.com/watch?v=8RHPYmvsvck
https://www.youtube.com/watch?v=Bh-kH0uMpfM
https://www.youtube.com/watch?v=Cas7X3Mvyok
https://www.youtube.com/watch?v=EavEPJKwuwM
https://www.youtube.com/watch?v=EvK1FP6PTfo
https://www.youtube.com/watch?v=FF3zfEKIvlc
https://www.youtube.com/watch?v=HFoCtdSkzIw
https://www.youtube.com/watch?v=HkBx4oxBvK0
https://www.youtube.com/watch?v=INJNyDvqX-0
https://www.youtube.com/watch?v=JXkAmgOegD4
https://www.youtube.com/watch?v=K37szrzqJOg
https://www.youtube.com/watch?v=LGpBoVe2ang
https://www.youtube.com/watch?v=MgwdF8QLrj4
https://www.youtube.com/watch?v=Opk2RWmkxJs
https://www.youtube.com/watch?v=P0_vYKOIAIA
https://www.youtube.com/watch?v=RVUbDTWZCAw
https://www.youtube.com/watch?v=S69x6qyJqko
https://www.youtube.com/watch?v=TVht-QgHFDc
https://www.youtube.com/watch?v=ULX9Y9ezwn8
https://www.youtube.com/watch?v=XWdx1IVCGEM
https://www.youtube.com/watch?v=YT0EInuC_b4
https://www.youtube.com/watch?v=ZHDq-SXM1Rk
https://www.youtube.com/watch?v=allEYHiPobg
https://www.youtube.com/watch?v=bPzu_gGqO5Y
https://www.youtube.com/watch?v=bTQJEiTPf-Q
https://www.youtube.com/watch?v=beZlWUq7Xx0
https://www.youtube.com/watch?v=gSqFQMm1dU8
https://www.youtube.com/watch?v=hBNtQ2hr6Kk
https://www.youtube.com/watch?v=k8t2JpkMEww
https://www.youtube.com/watch?v=nYTnaSbGAU8
https://www.youtube.com/watch?v=q07e11mq5lA
https://www.youtube.com/watch?v=qX3hukMiZmY
https://www.youtube.com/watch?v=uUpXm0KN9KQ
https://www.youtube.com/watch?v=xYDzLYUnuh0
https://www.youtube.com/watch?v=yZOh5n3zxVo
https://www.youtube.com/watch?v=-5wdOCl0yRc
https://www.youtube.com/watch?v=2fJbpynY0KI
https://www.youtube.com/watch?v=2lnqGD-Civw
https://www.youtube.com/watch?v=3fyYXqzKvQo
https://www.youtube.com/watch?v=52If1n8HcBk
https://www.youtube.com/watch?v=5QNVrd1lCCw
https://www.youtube.com/watch?v=6yxoArDcjW0
https://www.youtube.com/watch?v=8RHPYmvsvck
https://www.youtube.com/watch?v=Bh-kH0uMpfM
https://www.youtube.com/watch?v=Cas7X3Mvyok
https://www.youtube.com/watch?v=EavEPJKwuwM
https://www.youtube.com/watch?v=EvK1FP6PTfo
https://www.youtube.com/watch?v=FF3zfEKIvlc
https://www.youtube.com/watch?v=HFoCtdSkzIw
https://www.youtube.com/watch?v=HkBx4oxBvK0
https://www.youtube.com/watch?v=INJNyDvqX-0
https://www.youtube.com/watch?v=IxnGYJnB8ok
https://www.youtube.com/watch?v=JXkAmgOegD4
https://www.youtube.com/watch?v=K37szrzqJOg
https://www.youtube.com/watch?v=LGpBoVe2ang
https://www.youtube.com/watch?v=MgwdF8QLrj4
https://www.youtube.com/watch?v=Opk2RWmkxJs
https://www.youtube.com/watch?v=P0_vYKOIAIA
https://www.youtube.com/watch?v=RVUbDTWZCAw
https://www.youtube.com/watch?v=S69x6qyJqko
https://www.youtube.com/watch?v=TVht-QgHFDc
https://www.youtube.com/watch?v=ULX9Y9ezwn8
https://www.youtube.com/watch?v=XWdx1IVCGEM
https://www.youtube.com/watch?v=YT0EInuC_b4
https://www.youtube.com/watch?v=ZHDq-SXM1Rk
https://www.youtube.com/watch?v=allEYHiPobg
https://www.youtube.com/watch?v=bPzu_gGqO5Y
https://www.youtube.com/watch?v=bTQJEiTPf-Q
https://www.youtube.com/watch?v=beZlWUq7Xx0
https://www.youtube.com/watch?v=gSqFQMm1dU8
https://www.youtube.com/watch?v=hBNtQ2hr6Kk
https://www.youtube.com/watch?v=k8t2JpkMEww
https://www.youtube.com/watch?v=nYTnaSbGAU8
https://www.youtube.com/watch?v=q07e11mq5lA
https://www.youtube.com/watch?v=qX3hukMiZmY
https://www.youtube.com/watch?v=uUpXm0KN9KQ
https://www.youtube.com/watch?v=xYDzLYUnuh0
https://www.youtube.com/watch?v=yZOh5n3zxVo
https://www.youtube.com/watch?v=-5wdOCl0yRc
https://www.youtube.com/watch?v=2fJbpynY0KI
https://www.youtube.com/watch?v=2lnqGD-Civw
https://www.youtube.com/watch?v=3fyYXqzKvQo
https://www.youtube.com/watch?v=52If1n8HcBk
https://www.youtube.com/watch?v=5QNVrd1lCCw
https://www.youtube.com/watch?v=6yxoArDcjW0
https://www.youtube.com/watch?v=8RHPYmvsvck
https://www.youtube.com/watch?v=Bh-kH0uMpfM
https://www.youtube.com/watch?v=Cas7X3Mvyok
https://www.youtube.com/watch?v=EavEPJKwuwM
https://www.youtube.com/watch?v=EvK1FP6PTfo
https://www.youtube.com/watch?v=FF3zfEKIvlc
https://www.youtube.com/watch?v=HFoCtdSkzIw
https://www.youtube.com/watch?v=HkBx4oxBvK0
https://www.youtube.com/watch?v=INJNyDvqX-0
https://www.youtube.com/watch?v=IxnGYJnB8ok
https://www.youtube.com/watch?v=JXkAmgOegD4
https://www.youtube.com/watch?v=K37szrzqJOg
https://www.youtube.com/watch?v=LGpBoVe2ang
https://www.youtube.com/watch?v=MgwdF8QLrj4
https://www.youtube.com/watch?v=Opk2RWmkxJs
https://www.youtube.com/watch?v=P0_vYKOIAIA
https://www.youtube.com/watch?v=RVUbDTWZCAw
https://www.youtube.com/watch?v=S69x6qyJqko
https://www.youtube.com/watch?v=TVht-QgHFDc
https://www.youtube.com/watch?v=ULX9Y9ezwn8
https://www.youtube.com/watch?v=XWdx1IVCGEM
https://www.youtube.com/watch?v=YT0EInuC_b4
https://www.youtube.com/watch?v=ZHDq-SXM1Rk
https://www.youtube.com/watch?v=allEYHiPobg
https://www.youtube.com/watch?v=bPzu_gGqO5Y
https://www.youtube.com/watch?v=bTQJEiTPf-Q
https://www.youtube.com/watch?v=beZlWUq7Xx0
https://www.youtube.com/watch?v=gSqFQMm1dU8
https://www.youtube.com/watch?v=hBNtQ2hr6Kk
https://www.youtube.com/watch?v=k8t2JpkMEww
https://www.youtube.com/watch?v=nYTnaSbGAU8
https://www.youtube.com/watch?v=q07e11mq5lA
https://www.youtube.com/watch?v=qX3hukMiZmY
https://www.youtube.com/watch?v=uUpXm0KN9KQ
https://www.youtube.com/watch?v=xYDzLYUnuh0
https://www.youtube.com/watch?v=yZOh5n3zxVo
